{"total": {"lines":{"total":22649,"covered":4773,"skipped":0,"pct":21.07},"statements":{"total":22649,"covered":4773,"skipped":0,"pct":21.07},"functions":{"total":649,"covered":224,"skipped":0,"pct":34.51},"branches":{"total":1162,"covered":758,"skipped":0,"pct":65.23},"branchesTrue":{"total":0,"covered":0,"skipped":0,"pct":100}}
,"/workspace/app/App.tsx": {"lines":{"total":64,"covered":0,"skipped":0,"pct":0},"functions":{"total":1,"covered":0,"skipped":0,"pct":0},"statements":{"total":64,"covered":0,"skipped":0,"pct":0},"branches":{"total":1,"covered":0,"skipped":0,"pct":0}}
,"/workspace/app/components/brand/BrandLogo.tsx": {"lines":{"total":28,"covered":0,"skipped":0,"pct":0},"functions":{"total":1,"covered":0,"skipped":0,"pct":0},"statements":{"total":28,"covered":0,"skipped":0,"pct":0},"branches":{"total":1,"covered":0,"skipped":0,"pct":0}}
,"/workspace/app/components/docs/CodeBlock.tsx": {"lines":{"total":24,"covered":0,"skipped":0,"pct":0},"functions":{"total":1,"covered":0,"skipped":0,"pct":0},"statements":{"total":24,"covered":0,"skipped":0,"pct":0},"branches":{"total":1,"covered":0,"skipped":0,"pct":0}}
,"/workspace/app/components/docs/EndpointCard.tsx": {"lines":{"total":51,"covered":0,"skipped":0,"pct":0},"functions":{"total":1,"covered":1,"skipped":0,"pct":100},"statements":{"total":51,"covered":0,"skipped":0,"pct":0},"branches":{"total":1,"covered":1,"skipped":0,"pct":100}}
,"/workspace/app/components/docs/MethodBadge.tsx": {"lines":{"total":13,"covered":0,"skipped":0,"pct":0},"functions":{"total":1,"covered":1,"skipped":0,"pct":100},"statements":{"total":13,"covered":0,"skipped":0,"pct":0},"branches":{"total":1,"covered":1,"skipped":0,"pct":100}}
,"/workspace/app/components/editorial/EditorialArticleLayout.tsx": {"lines":{"total":89,"covered":0,"skipped":0,"pct":0},"functions":{"total":1,"covered":1,"skipped":0,"pct":100},"statements":{"total":89,"covered":0,"skipped":0,"pct":0},"branches":{"total":1,"covered":1,"skipped":0,"pct":100}}
,"/workspace/app/components/favorites/FavoriteButton.tsx": {"lines":{"total":23,"covered":0,"skipped":0,"pct":0},"functions":{"total":1,"covered":0,"skipped":0,"pct":0},"statements":{"total":23,"covered":0,"skipped":0,"pct":0},"branches":{"total":1,"covered":0,"skipped":0,"pct":0}}
,"/workspace/app/components/home/FeaturedMatchHero.tsx": {"lines":{"total":125,"covered":0,"skipped":0,"pct":0},"functions":{"total":1,"covered":0,"skipped":0,"pct":0},"statements":{"total":125,"covered":0,"skipped":0,"pct":0},"branches":{"total":1,"covered":0,"skipped":0,"pct":0}}
,"/workspace/app/components/home/HomeNewsPreview.tsx": {"lines":{"total":79,"covered":0,"skipped":0,"pct":0},"functions":{"total":1,"covered":0,"skipped":0,"pct":0},"statements":{"total":79,"covered":0,"skipped":0,"pct":0},"branches":{"total":1,"covered":0,"skipped":0,"pct":0}}
,"/workspace/app/components/home/HomePageSkeleton.tsx": {"lines":{"total":15,"covered":0,"skipped":0,"pct":0},"functions":{"total":1,"covered":0,"skipped":0,"pct":0},"statements":{"total":15,"covered":0,"skipped":0,"pct":0},"branches":{"total":1,"covered":0,"skipped":0,"pct":0}}
,"/workspace/app/components/home/MatchKickoffCountdown.tsx": {"lines":{"total":42,"covered":0,"skipped":0,"pct":0},"functions":{"total":1,"covered":0,"skipped":0,"pct":0},"statements":{"total":42,"covered":0,"skipped":0,"pct":0},"branches":{"total":1,"covered":0,"skipped":0,"pct":0}}
,"/workspace/app/components/home/MatchScheduleCalendar.tsx": {"lines":{"total":146,"covered":0,"skipped":0,"pct":0},"functions":{"total":1,"covered":0,"skipped":0,"pct":0},"statements":{"total":146,"covered":0,"skipped":0,"pct":0},"branches":{"total":1,"covered":0,"skipped":0,"pct":0}}
,"/workspace/app/components/home/NewUserQuickStart.tsx": {"lines":{"total":32,"covered":0,"skipped":0,"pct":0},"functions":{"total":1,"covered":0,"skipped":0,"pct":0},"statements":{"total":32,"covered":0,"skipped":0,"pct":0},"branches":{"total":1,"covered":0,"skipped":0,"pct":0}}
,"/workspace/app/components/home/NewsFeedPanel.tsx": {"lines":{"total":66,"covered":0,"skipped":0,"pct":0},"functions":{"total":1,"covered":1,"skipped":0,"pct":100},"statements":{"total":66,"covered":0,"skipped":0,"pct":0},"branches":{"total":1,"covered":1,"skipped":0,"pct":100}}
,"/workspace/app/components/home/PlatformSnapshot.tsx": {"lines":{"total":63,"covered":0,"skipped":0,"pct":0},"functions":{"total":1,"covered":1,"skipped":0,"pct":100},"statements":{"total":63,"covered":0,"skipped":0,"pct":0},"branches":{"total":1,"covered":1,"skipped":0,"pct":100}}
,"/workspace/app/components/home/WorldCupCountdown.tsx": {"lines":{"total":42,"covered":0,"skipped":0,"pct":0},"functions":{"total":1,"covered":0,"skipped":0,"pct":0},"statements":{"total":42,"covered":0,"skipped":0,"pct":0},"branches":{"total":1,"covered":0,"skipped":0,"pct":0}}
,"/workspace/app/components/i18n/Bilingual.tsx": {"lines":{"total":26,"covered":0,"skipped":0,"pct":0},"functions":{"total":1,"covered":0,"skipped":0,"pct":0},"statements":{"total":26,"covered":0,"skipped":0,"pct":0},"branches":{"total":1,"covered":0,"skipped":0,"pct":0}}
,"/workspace/app/components/i18n/LangSwitch.tsx": {"lines":{"total":28,"covered":0,"skipped":0,"pct":0},"functions":{"total":1,"covered":0,"skipped":0,"pct":0},"statements":{"total":28,"covered":0,"skipped":0,"pct":0},"branches":{"total":1,"covered":0,"skipped":0,"pct":0}}
,"/workspace/app/components/intelligence/SourceConfidenceBadge.tsx": {"lines":{"total":1,"covered":0,"skipped":0,"pct":0},"functions":{"total":1,"covered":0,"skipped":0,"pct":0},"statements":{"total":1,"covered":0,"skipped":0,"pct":0},"branches":{"total":1,"covered":0,"skipped":0,"pct":0}}
,"/workspace/app/components/intelligence/SourceConfidencePanel.tsx": {"lines":{"total":86,"covered":0,"skipped":0,"pct":0},"functions":{"total":1,"covered":0,"skipped":0,"pct":0},"statements":{"total":86,"covered":0,"skipped":0,"pct":0},"branches":{"total":1,"covered":0,"skipped":0,"pct":0}}
,"/workspace/app/components/layout/AppShell.tsx": {"lines":{"total":15,"covered":0,"skipped":0,"pct":0},"functions":{"total":1,"covered":0,"skipped":0,"pct":0},"statements":{"total":15,"covered":0,"skipped":0,"pct":0},"branches":{"total":1,"covered":0,"skipped":0,"pct":0}}
,"/workspace/app/components/layout/BottomNav.tsx": {"lines":{"total":29,"covered":0,"skipped":0,"pct":0},"functions":{"total":1,"covered":0,"skipped":0,"pct":0},"statements":{"total":29,"covered":0,"skipped":0,"pct":0},"branches":{"total":1,"covered":0,"skipped":0,"pct":0}}
,"/workspace/app/components/layout/Footer.tsx": {"lines":{"total":42,"covered":0,"skipped":0,"pct":0},"functions":{"total":1,"covered":0,"skipped":0,"pct":0},"statements":{"total":42,"covered":0,"skipped":0,"pct":0},"branches":{"total":1,"covered":0,"skipped":0,"pct":0}}
,"/workspace/app/components/layout/TopNav.tsx": {"lines":{"total":38,"covered":0,"skipped":0,"pct":0},"functions":{"total":1,"covered":0,"skipped":0,"pct":0},"statements":{"total":38,"covered":0,"skipped":0,"pct":0},"branches":{"total":1,"covered":0,"skipped":0,"pct":0}}
,"/workspace/app/components/market/MarketDisclaimer.tsx": {"lines":{"total":8,"covered":0,"skipped":0,"pct":0},"functions":{"total":1,"covered":0,"skipped":0,"pct":0},"statements":{"total":8,"covered":0,"skipped":0,"pct":0},"branches":{"total":1,"covered":0,"skipped":0,"pct":0}}
,"/workspace/app/components/market/MarketSignalPanel.tsx": {"lines":{"total":27,"covered":0,"skipped":0,"pct":0},"functions":{"total":1,"covered":1,"skipped":0,"pct":100},"statements":{"total":27,"covered":0,"skipped":0,"pct":0},"branches":{"total":1,"covered":1,"skipped":0,"pct":100}}
,"/workspace/app/components/market/ModelVsMarketChart.tsx": {"lines":{"total":32,"covered":0,"skipped":0,"pct":0},"functions":{"total":1,"covered":0,"skipped":0,"pct":0},"statements":{"total":32,"covered":0,"skipped":0,"pct":0},"branches":{"total":1,"covered":0,"skipped":0,"pct":0}}
,"/workspace/app/components/match/IntervalProbabilityChart.tsx": {"lines":{"total":1,"covered":0,"skipped":0,"pct":0},"functions":{"total":1,"covered":0,"skipped":0,"pct":0},"statements":{"total":1,"covered":0,"skipped":0,"pct":0},"branches":{"total":1,"covered":0,"skipped":0,"pct":0}}
,"/workspace/app/components/match/LineupColumn.tsx": {"lines":{"total":24,"covered":0,"skipped":0,"pct":0},"functions":{"total":1,"covered":0,"skipped":0,"pct":0},"statements":{"total":24,"covered":0,"skipped":0,"pct":0},"branches":{"total":1,"covered":0,"skipped":0,"pct":0}}
,"/workspace/app/components/match/MatchAnalyticsPanel.tsx": {"lines":{"total":95,"covered":0,"skipped":0,"pct":0},"functions":{"total":1,"covered":0,"skipped":0,"pct":0},"statements":{"total":95,"covered":0,"skipped":0,"pct":0},"branches":{"total":1,"covered":0,"skipped":0,"pct":0}}
,"/workspace/app/components/match/MatchHeader.tsx": {"lines":{"total":1,"covered":0,"skipped":0,"pct":0},"functions":{"total":1,"covered":0,"skipped":0,"pct":0},"statements":{"total":1,"covered":0,"skipped":0,"pct":0},"branches":{"total":1,"covered":0,"skipped":0,"pct":0}}
,"/workspace/app/components/match/MatchHistoryPanel.tsx": {"lines":{"total":226,"covered":0,"skipped":0,"pct":0},"functions":{"total":1,"covered":0,"skipped":0,"pct":0},"statements":{"total":226,"covered":0,"skipped":0,"pct":0},"branches":{"total":1,"covered":0,"skipped":0,"pct":0}}
,"/workspace/app/components/match/MatchKickoffDisplay.tsx": {"lines":{"total":51,"covered":0,"skipped":0,"pct":0},"functions":{"total":1,"covered":0,"skipped":0,"pct":0},"statements":{"total":51,"covered":0,"skipped":0,"pct":0},"branches":{"total":1,"covered":0,"skipped":0,"pct":0}}
,"/workspace/app/components/match/MatchLineupSidePanel.tsx": {"lines":{"total":133,"covered":0,"skipped":0,"pct":0},"functions":{"total":1,"covered":0,"skipped":0,"pct":0},"statements":{"total":133,"covered":0,"skipped":0,"pct":0},"branches":{"total":1,"covered":0,"skipped":0,"pct":0}}
,"/workspace/app/components/match/MatchLiveStatsPanel.tsx": {"lines":{"total":161,"covered":0,"skipped":0,"pct":0},"functions":{"total":1,"covered":0,"skipped":0,"pct":0},"statements":{"total":161,"covered":0,"skipped":0,"pct":0},"branches":{"total":1,"covered":0,"skipped":0,"pct":0}}
,"/workspace/app/components/match/MatchPageGuideStrip.tsx": {"lines":{"total":30,"covered":0,"skipped":0,"pct":0},"functions":{"total":1,"covered":0,"skipped":0,"pct":0},"statements":{"total":30,"covered":0,"skipped":0,"pct":0},"branches":{"total":1,"covered":0,"skipped":0,"pct":0}}
,"/workspace/app/components/match/MatchPredictionSummary.tsx": {"lines":{"total":121,"covered":0,"skipped":0,"pct":0},"functions":{"total":1,"covered":1,"skipped":0,"pct":100},"statements":{"total":121,"covered":0,"skipped":0,"pct":0},"branches":{"total":1,"covered":1,"skipped":0,"pct":100}}
,"/workspace/app/components/match/MatchPreviewAnalysisPanel.tsx": {"lines":{"total":108,"covered":0,"skipped":0,"pct":0},"functions":{"total":1,"covered":1,"skipped":0,"pct":100},"statements":{"total":108,"covered":0,"skipped":0,"pct":0},"branches":{"total":1,"covered":1,"skipped":0,"pct":100}}
,"/workspace/app/components/match/MatchRecapPanel.tsx": {"lines":{"total":81,"covered":0,"skipped":0,"pct":0},"functions":{"total":1,"covered":0,"skipped":0,"pct":0},"statements":{"total":81,"covered":0,"skipped":0,"pct":0},"branches":{"total":1,"covered":0,"skipped":0,"pct":0}}
,"/workspace/app/components/match/MatchResultScore.tsx": {"lines":{"total":60,"covered":0,"skipped":0,"pct":0},"functions":{"total":1,"covered":1,"skipped":0,"pct":100},"statements":{"total":60,"covered":0,"skipped":0,"pct":0},"branches":{"total":1,"covered":1,"skipped":0,"pct":100}}
,"/workspace/app/components/match/MatchSectionNav.tsx": {"lines":{"total":37,"covered":0,"skipped":0,"pct":0},"functions":{"total":1,"covered":1,"skipped":0,"pct":100},"statements":{"total":37,"covered":0,"skipped":0,"pct":0},"branches":{"total":1,"covered":1,"skipped":0,"pct":100}}
,"/workspace/app/components/match/MatchStaffPanel.tsx": {"lines":{"total":88,"covered":0,"skipped":0,"pct":0},"functions":{"total":1,"covered":0,"skipped":0,"pct":0},"statements":{"total":88,"covered":0,"skipped":0,"pct":0},"branches":{"total":1,"covered":0,"skipped":0,"pct":0}}
,"/workspace/app/components/match/MatchStickyScoreBar.tsx": {"lines":{"total":61,"covered":0,"skipped":0,"pct":0},"functions":{"total":1,"covered":0,"skipped":0,"pct":0},"statements":{"total":61,"covered":0,"skipped":0,"pct":0},"branches":{"total":1,"covered":0,"skipped":0,"pct":0}}
,"/workspace/app/components/match/MatchVersusThumbnail.tsx": {"lines":{"total":59,"covered":0,"skipped":0,"pct":0},"functions":{"total":1,"covered":0,"skipped":0,"pct":0},"statements":{"total":59,"covered":0,"skipped":0,"pct":0},"branches":{"total":1,"covered":0,"skipped":0,"pct":0}}
,"/workspace/app/components/match/MultiVariablePanel.tsx": {"lines":{"total":37,"covered":0,"skipped":0,"pct":0},"functions":{"total":1,"covered":0,"skipped":0,"pct":0},"statements":{"total":37,"covered":0,"skipped":0,"pct":0},"branches":{"total":1,"covered":0,"skipped":0,"pct":0}}
,"/workspace/app/components/match/PitchMap.tsx": {"lines":{"total":1,"covered":0,"skipped":0,"pct":0},"functions":{"total":1,"covered":0,"skipped":0,"pct":0},"statements":{"total":1,"covered":0,"skipped":0,"pct":0},"branches":{"total":1,"covered":0,"skipped":0,"pct":0}}
,"/workspace/app/components/match/PredictedActualScores.tsx": {"lines":{"total":78,"covered":0,"skipped":0,"pct":0},"functions":{"total":1,"covered":0,"skipped":0,"pct":0},"statements":{"total":78,"covered":0,"skipped":0,"pct":0},"branches":{"total":1,"covered":0,"skipped":0,"pct":0}}
,"/workspace/app/components/match/ProbabilityHintsPanel.tsx": {"lines":{"total":18,"covered":0,"skipped":0,"pct":0},"functions":{"total":1,"covered":0,"skipped":0,"pct":0},"statements":{"total":18,"covered":0,"skipped":0,"pct":0},"branches":{"total":1,"covered":0,"skipped":0,"pct":0}}
,"/workspace/app/components/match/ProbabilityStrip.tsx": {"lines":{"total":1,"covered":0,"skipped":0,"pct":0},"functions":{"total":1,"covered":0,"skipped":0,"pct":0},"statements":{"total":1,"covered":0,"skipped":0,"pct":0},"branches":{"total":1,"covered":0,"skipped":0,"pct":0}}
,"/workspace/app/components/match/ScorelineMatrix.tsx": {"lines":{"total":1,"covered":0,"skipped":0,"pct":0},"functions":{"total":1,"covered":0,"skipped":0,"pct":0},"statements":{"total":1,"covered":0,"skipped":0,"pct":0},"branches":{"total":1,"covered":0,"skipped":0,"pct":0}}
,"/workspace/app/components/match/TacticalBriefingPanel.tsx": {"lines":{"total":1,"covered":0,"skipped":0,"pct":0},"functions":{"total":1,"covered":0,"skipped":0,"pct":0},"statements":{"total":1,"covered":0,"skipped":0,"pct":0},"branches":{"total":1,"covered":0,"skipped":0,"pct":0}}
,"/workspace/app/components/news/NewsArticleCard.tsx": {"lines":{"total":49,"covered":0,"skipped":0,"pct":0},"functions":{"total":1,"covered":1,"skipped":0,"pct":100},"statements":{"total":49,"covered":0,"skipped":0,"pct":0},"branches":{"total":1,"covered":1,"skipped":0,"pct":100}}
,"/workspace/app/components/news/NewsArticleLangToggle.tsx": {"lines":{"total":29,"covered":0,"skipped":0,"pct":0},"functions":{"total":1,"covered":0,"skipped":0,"pct":0},"statements":{"total":29,"covered":0,"skipped":0,"pct":0},"branches":{"total":1,"covered":0,"skipped":0,"pct":0}}
,"/workspace/app/components/news/NewsArticleReadView.tsx": {"lines":{"total":87,"covered":0,"skipped":0,"pct":0},"functions":{"total":1,"covered":0,"skipped":0,"pct":0},"statements":{"total":87,"covered":0,"skipped":0,"pct":0},"branches":{"total":1,"covered":0,"skipped":0,"pct":0}}
,"/workspace/app/components/news/NewsPagination.tsx": {"lines":{"total":29,"covered":0,"skipped":0,"pct":0},"functions":{"total":1,"covered":0,"skipped":0,"pct":0},"statements":{"total":29,"covered":0,"skipped":0,"pct":0},"branches":{"total":1,"covered":0,"skipped":0,"pct":0}}
,"/workspace/app/components/news/NewsThumbnail.tsx": {"lines":{"total":33,"covered":0,"skipped":0,"pct":0},"functions":{"total":1,"covered":1,"skipped":0,"pct":100},"statements":{"total":33,"covered":0,"skipped":0,"pct":0},"branches":{"total":1,"covered":1,"skipped":0,"pct":100}}
,"/workspace/app/components/probability/ProbabilityDeltaBadge.tsx": {"lines":{"total":12,"covered":0,"skipped":0,"pct":0},"functions":{"total":1,"covered":0,"skipped":0,"pct":0},"statements":{"total":12,"covered":0,"skipped":0,"pct":0},"branches":{"total":1,"covered":0,"skipped":0,"pct":0}}
,"/workspace/app/components/probability/ProbabilityMovementPanel.tsx": {"lines":{"total":93,"covered":0,"skipped":0,"pct":0},"functions":{"total":1,"covered":0,"skipped":0,"pct":0},"statements":{"total":93,"covered":0,"skipped":0,"pct":0},"branches":{"total":1,"covered":0,"skipped":0,"pct":0}}
,"/workspace/app/components/scenarios/ScenarioCard.tsx": {"lines":{"total":22,"covered":0,"skipped":0,"pct":0},"functions":{"total":1,"covered":0,"skipped":0,"pct":0},"statements":{"total":22,"covered":0,"skipped":0,"pct":0},"branches":{"total":1,"covered":0,"skipped":0,"pct":0}}
,"/workspace/app/components/scenarios/ScenarioComparisonCard.tsx": {"lines":{"total":23,"covered":0,"skipped":0,"pct":0},"functions":{"total":1,"covered":1,"skipped":0,"pct":100},"statements":{"total":23,"covered":0,"skipped":0,"pct":0},"branches":{"total":1,"covered":1,"skipped":0,"pct":100}}
,"/workspace/app/components/scenarios/ScenarioConditionList.tsx": {"lines":{"total":24,"covered":0,"skipped":0,"pct":0},"functions":{"total":1,"covered":1,"skipped":0,"pct":100},"statements":{"total":24,"covered":0,"skipped":0,"pct":0},"branches":{"total":1,"covered":1,"skipped":0,"pct":100}}
,"/workspace/app/components/scenarios/ScenarioConfidenceBadge.tsx": {"lines":{"total":18,"covered":0,"skipped":0,"pct":0},"functions":{"total":1,"covered":1,"skipped":0,"pct":100},"statements":{"total":18,"covered":0,"skipped":0,"pct":0},"branches":{"total":1,"covered":1,"skipped":0,"pct":100}}
,"/workspace/app/components/scenarios/ScenarioLikelihoodPanel.tsx": {"lines":{"total":21,"covered":0,"skipped":0,"pct":0},"functions":{"total":1,"covered":1,"skipped":0,"pct":100},"statements":{"total":21,"covered":0,"skipped":0,"pct":0},"branches":{"total":1,"covered":1,"skipped":0,"pct":100}}
,"/workspace/app/components/scenarios/ScenarioPredictionPanel.tsx": {"lines":{"total":105,"covered":0,"skipped":0,"pct":0},"functions":{"total":1,"covered":0,"skipped":0,"pct":0},"statements":{"total":105,"covered":0,"skipped":0,"pct":0},"branches":{"total":1,"covered":0,"skipped":0,"pct":0}}
,"/workspace/app/components/scenarios/ScenarioProbabilityBar.tsx": {"lines":{"total":20,"covered":0,"skipped":0,"pct":0},"functions":{"total":1,"covered":0,"skipped":0,"pct":0},"statements":{"total":20,"covered":0,"skipped":0,"pct":0},"branches":{"total":1,"covered":0,"skipped":0,"pct":0}}
,"/workspace/app/components/scenarios/ScenarioRealtimeTimeline.tsx": {"lines":{"total":9,"covered":0,"skipped":0,"pct":0},"functions":{"total":1,"covered":0,"skipped":0,"pct":0},"statements":{"total":9,"covered":0,"skipped":0,"pct":0},"branches":{"total":1,"covered":0,"skipped":0,"pct":0}}
,"/workspace/app/components/scenarios/ScenarioTriggerStatus.tsx": {"lines":{"total":48,"covered":0,"skipped":0,"pct":0},"functions":{"total":1,"covered":1,"skipped":0,"pct":100},"statements":{"total":48,"covered":0,"skipped":0,"pct":0},"branches":{"total":1,"covered":1,"skipped":0,"pct":100}}
,"/workspace/app/components/tactical/AnalystSimulatorPanel.tsx": {"lines":{"total":60,"covered":0,"skipped":0,"pct":0},"functions":{"total":1,"covered":0,"skipped":0,"pct":0},"statements":{"total":60,"covered":0,"skipped":0,"pct":0},"branches":{"total":1,"covered":0,"skipped":0,"pct":0}}
,"/workspace/app/components/tactical/ContributionRadialChart.tsx": {"lines":{"total":75,"covered":0,"skipped":0,"pct":0},"functions":{"total":1,"covered":0,"skipped":0,"pct":0},"statements":{"total":75,"covered":0,"skipped":0,"pct":0},"branches":{"total":1,"covered":0,"skipped":0,"pct":0}}
,"/workspace/app/components/tactical/EventTrajectoryLayer.tsx": {"lines":{"total":68,"covered":0,"skipped":0,"pct":0},"functions":{"total":1,"covered":1,"skipped":0,"pct":100},"statements":{"total":68,"covered":0,"skipped":0,"pct":0},"branches":{"total":1,"covered":1,"skipped":0,"pct":100}}
,"/workspace/app/components/tactical/MatchHeader.tsx": {"lines":{"total":118,"covered":0,"skipped":0,"pct":0},"functions":{"total":1,"covered":1,"skipped":0,"pct":100},"statements":{"total":118,"covered":0,"skipped":0,"pct":0},"branches":{"total":1,"covered":1,"skipped":0,"pct":100}}
,"/workspace/app/components/tactical/PitchMap.tsx": {"lines":{"total":116,"covered":0,"skipped":0,"pct":0},"functions":{"total":1,"covered":1,"skipped":0,"pct":100},"statements":{"total":116,"covered":0,"skipped":0,"pct":0},"branches":{"total":1,"covered":1,"skipped":0,"pct":100}}
,"/workspace/app/components/tactical/PitchPlayerLayer.tsx": {"lines":{"total":70,"covered":0,"skipped":0,"pct":0},"functions":{"total":1,"covered":1,"skipped":0,"pct":100},"statements":{"total":70,"covered":0,"skipped":0,"pct":0},"branches":{"total":1,"covered":1,"skipped":0,"pct":100}}
,"/workspace/app/components/tactical/PlayerImpactCard.tsx": {"lines":{"total":37,"covered":0,"skipped":0,"pct":0},"functions":{"total":1,"covered":0,"skipped":0,"pct":0},"statements":{"total":37,"covered":0,"skipped":0,"pct":0},"branches":{"total":1,"covered":0,"skipped":0,"pct":0}}
,"/workspace/app/components/tactical/ProbabilityMovementTimeline.tsx": {"lines":{"total":47,"covered":0,"skipped":0,"pct":0},"functions":{"total":1,"covered":0,"skipped":0,"pct":0},"statements":{"total":47,"covered":0,"skipped":0,"pct":0},"branches":{"total":1,"covered":0,"skipped":0,"pct":0}}
,"/workspace/app/components/tactical/ProbabilityStrip.tsx": {"lines":{"total":124,"covered":0,"skipped":0,"pct":0},"functions":{"total":1,"covered":0,"skipped":0,"pct":0},"statements":{"total":124,"covered":0,"skipped":0,"pct":0},"branches":{"total":1,"covered":0,"skipped":0,"pct":0}}
,"/workspace/app/components/tactical/ScorelineMatrix.tsx": {"lines":{"total":63,"covered":0,"skipped":0,"pct":0},"functions":{"total":1,"covered":0,"skipped":0,"pct":0},"statements":{"total":63,"covered":0,"skipped":0,"pct":0},"branches":{"total":1,"covered":0,"skipped":0,"pct":0}}
,"/workspace/app/components/tactical/SectionLabel.tsx": {"lines":{"total":19,"covered":0,"skipped":0,"pct":0},"functions":{"total":1,"covered":0,"skipped":0,"pct":0},"statements":{"total":19,"covered":0,"skipped":0,"pct":0},"branches":{"total":1,"covered":0,"skipped":0,"pct":0}}
,"/workspace/app/components/tactical/TacticalBriefingPanel.tsx": {"lines":{"total":80,"covered":0,"skipped":0,"pct":0},"functions":{"total":1,"covered":1,"skipped":0,"pct":100},"statements":{"total":80,"covered":0,"skipped":0,"pct":0},"branches":{"total":1,"covered":1,"skipped":0,"pct":100}}
,"/workspace/app/components/tactical/ViewModeToggle.tsx": {"lines":{"total":29,"covered":0,"skipped":0,"pct":0},"functions":{"total":1,"covered":0,"skipped":0,"pct":0},"statements":{"total":29,"covered":0,"skipped":0,"pct":0},"branches":{"total":1,"covered":0,"skipped":0,"pct":0}}
,"/workspace/app/components/team/TeamNameWithFlag.tsx": {"lines":{"total":69,"covered":0,"skipped":0,"pct":0},"functions":{"total":1,"covered":0,"skipped":0,"pct":0},"statements":{"total":69,"covered":0,"skipped":0,"pct":0},"branches":{"total":1,"covered":0,"skipped":0,"pct":0}}
,"/workspace/app/components/team/TeamSystemPanel.tsx": {"lines":{"total":56,"covered":0,"skipped":0,"pct":0},"functions":{"total":1,"covered":1,"skipped":0,"pct":100},"statements":{"total":56,"covered":0,"skipped":0,"pct":0},"branches":{"total":1,"covered":1,"skipped":0,"pct":100}}
,"/workspace/app/components/tournament/CompactMatchProb.tsx": {"lines":{"total":25,"covered":0,"skipped":0,"pct":0},"functions":{"total":1,"covered":0,"skipped":0,"pct":0},"statements":{"total":25,"covered":0,"skipped":0,"pct":0},"branches":{"total":1,"covered":0,"skipped":0,"pct":0}}
,"/workspace/app/components/tournament/FavoritesPanel.tsx": {"lines":{"total":116,"covered":0,"skipped":0,"pct":0},"functions":{"total":1,"covered":0,"skipped":0,"pct":0},"statements":{"total":116,"covered":0,"skipped":0,"pct":0},"branches":{"total":1,"covered":0,"skipped":0,"pct":0}}
,"/workspace/app/components/tournament/GroupStageBoard.tsx": {"lines":{"total":436,"covered":0,"skipped":0,"pct":0},"functions":{"total":1,"covered":0,"skipped":0,"pct":0},"statements":{"total":436,"covered":0,"skipped":0,"pct":0},"branches":{"total":1,"covered":0,"skipped":0,"pct":0}}
,"/workspace/app/components/tournament/TeamsDirectory.tsx": {"lines":{"total":64,"covered":0,"skipped":0,"pct":0},"functions":{"total":1,"covered":0,"skipped":0,"pct":0},"statements":{"total":64,"covered":0,"skipped":0,"pct":0},"branches":{"total":1,"covered":0,"skipped":0,"pct":0}}
,"/workspace/app/components/tournament/TournamentPanels.tsx": {"lines":{"total":219,"covered":0,"skipped":0,"pct":0},"functions":{"total":1,"covered":0,"skipped":0,"pct":0},"statements":{"total":219,"covered":0,"skipped":0,"pct":0},"branches":{"total":1,"covered":0,"skipped":0,"pct":0}}
,"/workspace/app/components/tournament/TournamentSchedulePanel.tsx": {"lines":{"total":353,"covered":0,"skipped":0,"pct":0},"functions":{"total":1,"covered":0,"skipped":0,"pct":0},"statements":{"total":353,"covered":0,"skipped":0,"pct":0},"branches":{"total":1,"covered":0,"skipped":0,"pct":0}}
,"/workspace/app/components/ui/DataKindBadge.tsx": {"lines":{"total":51,"covered":0,"skipped":0,"pct":0},"functions":{"total":1,"covered":0,"skipped":0,"pct":0},"statements":{"total":51,"covered":0,"skipped":0,"pct":0},"branches":{"total":1,"covered":0,"skipped":0,"pct":0}}
,"/workspace/app/lib/api.ts": {"lines":{"total":80,"covered":0,"skipped":0,"pct":0},"functions":{"total":1,"covered":1,"skipped":0,"pct":100},"statements":{"total":80,"covered":0,"skipped":0,"pct":0},"branches":{"total":1,"covered":1,"skipped":0,"pct":100}}
,"/workspace/app/lib/apiDocsContent.ts": {"lines":{"total":175,"covered":0,"skipped":0,"pct":0},"functions":{"total":1,"covered":1,"skipped":0,"pct":100},"statements":{"total":175,"covered":0,"skipped":0,"pct":0},"branches":{"total":1,"covered":1,"skipped":0,"pct":100}}
,"/workspace/app/lib/briefingText.ts": {"lines":{"total":15,"covered":0,"skipped":0,"pct":0},"functions":{"total":1,"covered":1,"skipped":0,"pct":100},"statements":{"total":15,"covered":0,"skipped":0,"pct":0},"branches":{"total":1,"covered":1,"skipped":0,"pct":100}}
,"/workspace/app/lib/calendarExport.ts": {"lines":{"total":73,"covered":0,"skipped":0,"pct":0},"functions":{"total":1,"covered":1,"skipped":0,"pct":100},"statements":{"total":73,"covered":0,"skipped":0,"pct":0},"branches":{"total":1,"covered":1,"skipped":0,"pct":100}}
,"/workspace/app/lib/colors.ts": {"lines":{"total":19,"covered":0,"skipped":0,"pct":0},"functions":{"total":1,"covered":0,"skipped":0,"pct":0},"statements":{"total":19,"covered":0,"skipped":0,"pct":0},"branches":{"total":1,"covered":0,"skipped":0,"pct":0}}
,"/workspace/app/lib/derivePlayerImpact.ts": {"lines":{"total":25,"covered":0,"skipped":0,"pct":0},"functions":{"total":1,"covered":1,"skipped":0,"pct":100},"statements":{"total":25,"covered":0,"skipped":0,"pct":0},"branches":{"total":1,"covered":1,"skipped":0,"pct":100}}
,"/workspace/app/lib/favorites.ts": {"lines":{"total":27,"covered":0,"skipped":0,"pct":0},"functions":{"total":1,"covered":0,"skipped":0,"pct":0},"statements":{"total":27,"covered":0,"skipped":0,"pct":0},"branches":{"total":1,"covered":0,"skipped":0,"pct":0}}
,"/workspace/app/lib/format.ts": {"lines":{"total":15,"covered":0,"skipped":0,"pct":0},"functions":{"total":1,"covered":0,"skipped":0,"pct":0},"statements":{"total":15,"covered":0,"skipped":0,"pct":0},"branches":{"total":1,"covered":0,"skipped":0,"pct":0}}
,"/workspace/app/lib/guideContent.ts": {"lines":{"total":154,"covered":0,"skipped":0,"pct":0},"functions":{"total":1,"covered":1,"skipped":0,"pct":100},"statements":{"total":154,"covered":0,"skipped":0,"pct":0},"branches":{"total":1,"covered":1,"skipped":0,"pct":100}}
,"/workspace/app/lib/homePrefetch.ts": {"lines":{"total":12,"covered":0,"skipped":0,"pct":0},"functions":{"total":1,"covered":1,"skipped":0,"pct":100},"statements":{"total":12,"covered":0,"skipped":0,"pct":0},"branches":{"total":1,"covered":1,"skipped":0,"pct":100}}
,"/workspace/app/lib/lineupDisplay.ts": {"lines":{"total":21,"covered":0,"skipped":0,"pct":0},"functions":{"total":1,"covered":1,"skipped":0,"pct":100},"statements":{"total":21,"covered":0,"skipped":0,"pct":0},"branches":{"total":1,"covered":1,"skipped":0,"pct":100}}
,"/workspace/app/lib/lineupSourceLabel.ts": {"lines":{"total":24,"covered":0,"skipped":0,"pct":0},"functions":{"total":1,"covered":1,"skipped":0,"pct":100},"statements":{"total":24,"covered":0,"skipped":0,"pct":0},"branches":{"total":1,"covered":1,"skipped":0,"pct":100}}
,"/workspace/app/lib/matchKickoffDisplay.ts": {"lines":{"total":83,"covered":0,"skipped":0,"pct":0},"functions":{"total":1,"covered":1,"skipped":0,"pct":100},"statements":{"total":83,"covered":0,"skipped":0,"pct":0},"branches":{"total":1,"covered":1,"skipped":0,"pct":100}}
,"/workspace/app/lib/matchPaths.ts": {"lines":{"total":11,"covered":0,"skipped":0,"pct":0},"functions":{"total":1,"covered":0,"skipped":0,"pct":0},"statements":{"total":11,"covered":0,"skipped":0,"pct":0},"branches":{"total":1,"covered":0,"skipped":0,"pct":0}}
,"/workspace/app/lib/matchTeamDisplay.ts": {"lines":{"total":3,"covered":0,"skipped":0,"pct":0},"functions":{"total":1,"covered":1,"skipped":0,"pct":100},"statements":{"total":3,"covered":0,"skipped":0,"pct":0},"branches":{"total":1,"covered":1,"skipped":0,"pct":100}}
,"/workspace/app/lib/matchTeams.ts": {"lines":{"total":44,"covered":0,"skipped":0,"pct":0},"functions":{"total":1,"covered":1,"skipped":0,"pct":100},"statements":{"total":44,"covered":0,"skipped":0,"pct":0},"branches":{"total":1,"covered":1,"skipped":0,"pct":100}}
,"/workspace/app/lib/matchThumbnail.ts": {"lines":{"total":6,"covered":0,"skipped":0,"pct":0},"functions":{"total":1,"covered":0,"skipped":0,"pct":0},"statements":{"total":6,"covered":0,"skipped":0,"pct":0},"branches":{"total":1,"covered":0,"skipped":0,"pct":0}}
,"/workspace/app/lib/nationFlags.ts": {"lines":{"total":65,"covered":0,"skipped":0,"pct":0},"functions":{"total":1,"covered":0,"skipped":0,"pct":0},"statements":{"total":65,"covered":0,"skipped":0,"pct":0},"branches":{"total":1,"covered":0,"skipped":0,"pct":0}}
,"/workspace/app/lib/nationIsoCodes.ts": {"lines":{"total":60,"covered":54,"skipped":0,"pct":90},"functions":{"total":1,"covered":0,"skipped":0,"pct":0},"statements":{"total":60,"covered":54,"skipped":0,"pct":90},"branches":{"total":0,"covered":0,"skipped":0,"pct":100}}
,"/workspace/app/lib/newsDisplay.ts": {"lines":{"total":12,"covered":0,"skipped":0,"pct":0},"functions":{"total":1,"covered":1,"skipped":0,"pct":100},"statements":{"total":12,"covered":0,"skipped":0,"pct":0},"branches":{"total":1,"covered":1,"skipped":0,"pct":100}}
,"/workspace/app/lib/seoPages.ts": {"lines":{"total":89,"covered":0,"skipped":0,"pct":0},"functions":{"total":1,"covered":1,"skipped":0,"pct":100},"statements":{"total":89,"covered":0,"skipped":0,"pct":0},"branches":{"total":1,"covered":1,"skipped":0,"pct":100}}
,"/workspace/app/lib/simulator.ts": {"lines":{"total":15,"covered":0,"skipped":0,"pct":0},"functions":{"total":1,"covered":1,"skipped":0,"pct":100},"statements":{"total":15,"covered":0,"skipped":0,"pct":0},"branches":{"total":1,"covered":1,"skipped":0,"pct":100}}
,"/workspace/app/lib/useCountdown.ts": {"lines":{"total":25,"covered":0,"skipped":0,"pct":0},"functions":{"total":1,"covered":0,"skipped":0,"pct":0},"statements":{"total":25,"covered":0,"skipped":0,"pct":0},"branches":{"total":1,"covered":0,"skipped":0,"pct":0}}
,"/workspace/app/lib/useFavorites.ts": {"lines":{"total":42,"covered":0,"skipped":0,"pct":0},"functions":{"total":1,"covered":0,"skipped":0,"pct":0},"statements":{"total":42,"covered":0,"skipped":0,"pct":0},"branches":{"total":1,"covered":0,"skipped":0,"pct":0}}
,"/workspace/app/lib/useLegacyMatchRedirect.ts": {"lines":{"total":14,"covered":0,"skipped":0,"pct":0},"functions":{"total":1,"covered":0,"skipped":0,"pct":0},"statements":{"total":14,"covered":0,"skipped":0,"pct":0},"branches":{"total":1,"covered":0,"skipped":0,"pct":0}}
,"/workspace/app/lib/useMatchLiveData.ts": {"lines":{"total":40,"covered":0,"skipped":0,"pct":0},"functions":{"total":1,"covered":0,"skipped":0,"pct":0},"statements":{"total":40,"covered":0,"skipped":0,"pct":0},"branches":{"total":1,"covered":0,"skipped":0,"pct":0}}
,"/workspace/app/lib/useMatchScenarioLive.ts": {"lines":{"total":52,"covered":0,"skipped":0,"pct":0},"functions":{"total":1,"covered":0,"skipped":0,"pct":0},"statements":{"total":52,"covered":0,"skipped":0,"pct":0},"branches":{"total":1,"covered":0,"skipped":0,"pct":0}}
,"/workspace/app/lib/usePageMeta.ts": {"lines":{"total":47,"covered":0,"skipped":0,"pct":0},"functions":{"total":1,"covered":0,"skipped":0,"pct":0},"statements":{"total":47,"covered":0,"skipped":0,"pct":0},"branches":{"total":1,"covered":0,"skipped":0,"pct":0}}
,"/workspace/app/lib/usePitchMapLive.ts": {"lines":{"total":33,"covered":0,"skipped":0,"pct":0},"functions":{"total":1,"covered":0,"skipped":0,"pct":0},"statements":{"total":33,"covered":0,"skipped":0,"pct":0},"branches":{"total":1,"covered":0,"skipped":0,"pct":0}}
,"/workspace/app/lib/webMcp.ts": {"lines":{"total":75,"covered":0,"skipped":0,"pct":0},"functions":{"total":1,"covered":1,"skipped":0,"pct":100},"statements":{"total":75,"covered":0,"skipped":0,"pct":0},"branches":{"total":1,"covered":1,"skipped":0,"pct":100}}
,"/workspace/app/lib/brand/brandTheme.ts": {"lines":{"total":38,"covered":0,"skipped":0,"pct":0},"functions":{"total":1,"covered":1,"skipped":0,"pct":100},"statements":{"total":38,"covered":0,"skipped":0,"pct":0},"branches":{"total":1,"covered":1,"skipped":0,"pct":100}}
,"/workspace/app/lib/i18n/I18nContext.tsx": {"lines":{"total":34,"covered":0,"skipped":0,"pct":0},"functions":{"total":1,"covered":0,"skipped":0,"pct":0},"statements":{"total":34,"covered":0,"skipped":0,"pct":0},"branches":{"total":1,"covered":0,"skipped":0,"pct":0}}
,"/workspace/app/lib/i18n/locales.ts": {"lines":{"total":816,"covered":0,"skipped":0,"pct":0},"functions":{"total":1,"covered":1,"skipped":0,"pct":100},"statements":{"total":816,"covered":0,"skipped":0,"pct":0},"branches":{"total":1,"covered":1,"skipped":0,"pct":100}}
,"/workspace/app/lib/i18n/scenarioPredictionLabels.ts": {"lines":{"total":306,"covered":0,"skipped":0,"pct":0},"functions":{"total":1,"covered":1,"skipped":0,"pct":100},"statements":{"total":306,"covered":0,"skipped":0,"pct":0},"branches":{"total":1,"covered":1,"skipped":0,"pct":100}}
,"/workspace/app/lib/i18n/stageLabels.ts": {"lines":{"total":41,"covered":0,"skipped":0,"pct":0},"functions":{"total":1,"covered":1,"skipped":0,"pct":100},"statements":{"total":41,"covered":0,"skipped":0,"pct":0},"branches":{"total":1,"covered":1,"skipped":0,"pct":100}}
,"/workspace/app/lib/i18n/termLabels.ts": {"lines":{"total":47,"covered":0,"skipped":0,"pct":0},"functions":{"total":1,"covered":1,"skipped":0,"pct":100},"statements":{"total":47,"covered":0,"skipped":0,"pct":0},"branches":{"total":1,"covered":1,"skipped":0,"pct":100}}
,"/workspace/app/pages/AdminPage.tsx": {"lines":{"total":21,"covered":0,"skipped":0,"pct":0},"functions":{"total":1,"covered":0,"skipped":0,"pct":0},"statements":{"total":21,"covered":0,"skipped":0,"pct":0},"branches":{"total":1,"covered":0,"skipped":0,"pct":0}}
,"/workspace/app/pages/AnalystSimulatorPage.tsx": {"lines":{"total":29,"covered":0,"skipped":0,"pct":0},"functions":{"total":1,"covered":0,"skipped":0,"pct":0},"statements":{"total":29,"covered":0,"skipped":0,"pct":0},"branches":{"total":1,"covered":0,"skipped":0,"pct":0}}
,"/workspace/app/pages/ApiDocsPage.tsx": {"lines":{"total":223,"covered":0,"skipped":0,"pct":0},"functions":{"total":1,"covered":0,"skipped":0,"pct":0},"statements":{"total":223,"covered":0,"skipped":0,"pct":0},"branches":{"total":1,"covered":0,"skipped":0,"pct":0}}
,"/workspace/app/pages/GuidePage.tsx": {"lines":{"total":63,"covered":0,"skipped":0,"pct":0},"functions":{"total":1,"covered":0,"skipped":0,"pct":0},"statements":{"total":63,"covered":0,"skipped":0,"pct":0},"branches":{"total":1,"covered":0,"skipped":0,"pct":0}}
,"/workspace/app/pages/HomePage.tsx": {"lines":{"total":110,"covered":0,"skipped":0,"pct":0},"functions":{"total":1,"covered":0,"skipped":0,"pct":0},"statements":{"total":110,"covered":0,"skipped":0,"pct":0},"branches":{"total":1,"covered":0,"skipped":0,"pct":0}}
,"/workspace/app/pages/LineupPage.tsx": {"lines":{"total":63,"covered":0,"skipped":0,"pct":0},"functions":{"total":1,"covered":0,"skipped":0,"pct":0},"statements":{"total":63,"covered":0,"skipped":0,"pct":0},"branches":{"total":1,"covered":0,"skipped":0,"pct":0}}
,"/workspace/app/pages/MatchAnalysisPage.tsx": {"lines":{"total":183,"covered":0,"skipped":0,"pct":0},"functions":{"total":1,"covered":0,"skipped":0,"pct":0},"statements":{"total":183,"covered":0,"skipped":0,"pct":0},"branches":{"total":1,"covered":0,"skipped":0,"pct":0}}
,"/workspace/app/pages/MatchPage.tsx": {"lines":{"total":440,"covered":0,"skipped":0,"pct":0},"functions":{"total":1,"covered":0,"skipped":0,"pct":0},"statements":{"total":440,"covered":0,"skipped":0,"pct":0},"branches":{"total":1,"covered":0,"skipped":0,"pct":0}}
,"/workspace/app/pages/MatchesPage.tsx": {"lines":{"total":90,"covered":0,"skipped":0,"pct":0},"functions":{"total":1,"covered":0,"skipped":0,"pct":0},"statements":{"total":90,"covered":0,"skipped":0,"pct":0},"branches":{"total":1,"covered":0,"skipped":0,"pct":0}}
,"/workspace/app/pages/NewsArticlePage.tsx": {"lines":{"total":70,"covered":0,"skipped":0,"pct":0},"functions":{"total":1,"covered":0,"skipped":0,"pct":0},"statements":{"total":70,"covered":0,"skipped":0,"pct":0},"branches":{"total":1,"covered":0,"skipped":0,"pct":0}}
,"/workspace/app/pages/NewsIntelligencePage.tsx": {"lines":{"total":66,"covered":0,"skipped":0,"pct":0},"functions":{"total":1,"covered":0,"skipped":0,"pct":0},"statements":{"total":66,"covered":0,"skipped":0,"pct":0},"branches":{"total":1,"covered":0,"skipped":0,"pct":0}}
,"/workspace/app/pages/PlayerPage.tsx": {"lines":{"total":20,"covered":0,"skipped":0,"pct":0},"functions":{"total":1,"covered":0,"skipped":0,"pct":0},"statements":{"total":20,"covered":0,"skipped":0,"pct":0},"branches":{"total":1,"covered":0,"skipped":0,"pct":0}}
,"/workspace/app/pages/SeoLandingPage.tsx": {"lines":{"total":45,"covered":0,"skipped":0,"pct":0},"functions":{"total":1,"covered":0,"skipped":0,"pct":0},"statements":{"total":45,"covered":0,"skipped":0,"pct":0},"branches":{"total":1,"covered":0,"skipped":0,"pct":0}}
,"/workspace/app/pages/TeamPage.tsx": {"lines":{"total":121,"covered":0,"skipped":0,"pct":0},"functions":{"total":1,"covered":0,"skipped":0,"pct":0},"statements":{"total":121,"covered":0,"skipped":0,"pct":0},"branches":{"total":1,"covered":0,"skipped":0,"pct":0}}
,"/workspace/app/pages/TournamentPage.tsx": {"lines":{"total":32,"covered":0,"skipped":0,"pct":0},"functions":{"total":1,"covered":0,"skipped":0,"pct":0},"statements":{"total":32,"covered":0,"skipped":0,"pct":0},"branches":{"total":1,"covered":0,"skipped":0,"pct":0}}
,"/workspace/app/pages/TournamentsHubPage.tsx": {"lines":{"total":37,"covered":0,"skipped":0,"pct":0},"functions":{"total":1,"covered":0,"skipped":0,"pct":0},"statements":{"total":37,"covered":0,"skipped":0,"pct":0},"branches":{"total":1,"covered":0,"skipped":0,"pct":0}}
,"/workspace/src/env.ts": {"lines":{"total":17,"covered":17,"skipped":0,"pct":100},"functions":{"total":1,"covered":1,"skipped":0,"pct":100},"statements":{"total":17,"covered":17,"skipped":0,"pct":100},"branches":{"total":4,"covered":2,"skipped":0,"pct":50}}
,"/workspace/src/index.ts": {"lines":{"total":138,"covered":0,"skipped":0,"pct":0},"functions":{"total":1,"covered":0,"skipped":0,"pct":0},"statements":{"total":138,"covered":0,"skipped":0,"pct":0},"branches":{"total":1,"covered":0,"skipped":0,"pct":0}}
,"/workspace/src/ai/entityExtraction.ts": {"lines":{"total":84,"covered":0,"skipped":0,"pct":0},"functions":{"total":1,"covered":0,"skipped":0,"pct":0},"statements":{"total":84,"covered":0,"skipped":0,"pct":0},"branches":{"total":1,"covered":0,"skipped":0,"pct":0}}
,"/workspace/src/ai/explainModelVsMarket.ts": {"lines":{"total":46,"covered":0,"skipped":0,"pct":0},"functions":{"total":1,"covered":1,"skipped":0,"pct":100},"statements":{"total":46,"covered":0,"skipped":0,"pct":0},"branches":{"total":1,"covered":1,"skipped":0,"pct":100}}
,"/workspace/src/ai/explainScenarioComparison.ts": {"lines":{"total":29,"covered":0,"skipped":0,"pct":0},"functions":{"total":1,"covered":0,"skipped":0,"pct":0},"statements":{"total":29,"covered":0,"skipped":0,"pct":0},"branches":{"total":1,"covered":0,"skipped":0,"pct":0}}
,"/workspace/src/ai/explainScenarioLikelihood.ts": {"lines":{"total":17,"covered":0,"skipped":0,"pct":0},"functions":{"total":1,"covered":1,"skipped":0,"pct":100},"statements":{"total":17,"covered":0,"skipped":0,"pct":0},"branches":{"total":1,"covered":1,"skipped":0,"pct":100}}
,"/workspace/src/ai/explainScenarioPrediction.ts": {"lines":{"total":34,"covered":0,"skipped":0,"pct":0},"functions":{"total":1,"covered":0,"skipped":0,"pct":0},"statements":{"total":34,"covered":0,"skipped":0,"pct":0},"branches":{"total":1,"covered":0,"skipped":0,"pct":0}}
,"/workspace/src/ai/explainScenarioRealtimeShift.ts": {"lines":{"total":20,"covered":0,"skipped":0,"pct":0},"functions":{"total":1,"covered":0,"skipped":0,"pct":0},"statements":{"total":20,"covered":0,"skipped":0,"pct":0},"branches":{"total":1,"covered":0,"skipped":0,"pct":0}}
,"/workspace/src/ai/explainTeamSystemStrength.ts": {"lines":{"total":19,"covered":0,"skipped":0,"pct":0},"functions":{"total":1,"covered":1,"skipped":0,"pct":100},"statements":{"total":19,"covered":0,"skipped":0,"pct":0},"branches":{"total":1,"covered":1,"skipped":0,"pct":100}}
,"/workspace/src/ai/gatewayClient.ts": {"lines":{"total":94,"covered":7,"skipped":0,"pct":7.44},"functions":{"total":5,"covered":1,"skipped":0,"pct":20},"statements":{"total":94,"covered":7,"skipped":0,"pct":7.44},"branches":{"total":3,"covered":1,"skipped":0,"pct":33.33}}
,"/workspace/src/ai/intelligenceSchemas.ts": {"lines":{"total":42,"covered":0,"skipped":0,"pct":0},"functions":{"total":1,"covered":0,"skipped":0,"pct":0},"statements":{"total":42,"covered":0,"skipped":0,"pct":0},"branches":{"total":1,"covered":0,"skipped":0,"pct":0}}
,"/workspace/src/ai/modelRouter.ts": {"lines":{"total":49,"covered":43,"skipped":0,"pct":87.75},"functions":{"total":2,"covered":1,"skipped":0,"pct":50},"statements":{"total":49,"covered":43,"skipped":0,"pct":87.75},"branches":{"total":2,"covered":2,"skipped":0,"pct":100}}
,"/workspace/src/ai/multiVariableAnalysis.ts": {"lines":{"total":104,"covered":34,"skipped":0,"pct":32.69},"functions":{"total":2,"covered":1,"skipped":0,"pct":50},"statements":{"total":104,"covered":34,"skipped":0,"pct":32.69},"branches":{"total":2,"covered":1,"skipped":0,"pct":50}}
,"/workspace/src/ai/prompts.ts": {"lines":{"total":10,"covered":4,"skipped":0,"pct":40},"functions":{"total":3,"covered":0,"skipped":0,"pct":0},"statements":{"total":10,"covered":4,"skipped":0,"pct":40},"branches":{"total":0,"covered":0,"skipped":0,"pct":100}}
,"/workspace/src/ai/schemas.ts": {"lines":{"total":54,"covered":54,"skipped":0,"pct":100},"functions":{"total":0,"covered":0,"skipped":0,"pct":100},"statements":{"total":54,"covered":54,"skipped":0,"pct":100},"branches":{"total":0,"covered":0,"skipped":0,"pct":100}}
,"/workspace/src/ai/tacticalBriefing.ts": {"lines":{"total":133,"covered":87,"skipped":0,"pct":65.41},"functions":{"total":4,"covered":4,"skipped":0,"pct":100},"statements":{"total":133,"covered":87,"skipped":0,"pct":65.41},"branches":{"total":14,"covered":4,"skipped":0,"pct":28.57}}
,"/workspace/src/ai/translateNews.ts": {"lines":{"total":133,"covered":6,"skipped":0,"pct":4.51},"functions":{"total":8,"covered":0,"skipped":0,"pct":0},"statements":{"total":133,"covered":6,"skipped":0,"pct":4.51},"branches":{"total":0,"covered":0,"skipped":0,"pct":100}}
,"/workspace/src/constants/pipeline.ts": {"lines":{"total":5,"covered":5,"skipped":0,"pct":100},"functions":{"total":0,"covered":0,"skipped":0,"pct":100},"statements":{"total":5,"covered":5,"skipped":0,"pct":100},"branches":{"total":0,"covered":0,"skipped":0,"pct":100}}
,"/workspace/src/constants/tournament.ts": {"lines":{"total":13,"covered":9,"skipped":0,"pct":69.23},"functions":{"total":2,"covered":1,"skipped":0,"pct":50},"statements":{"total":13,"covered":9,"skipped":0,"pct":69.23},"branches":{"total":2,"covered":1,"skipped":0,"pct":50}}
,"/workspace/src/data/teamNameMap.ts": {"lines":{"total":65,"covered":61,"skipped":0,"pct":93.84},"functions":{"total":1,"covered":0,"skipped":0,"pct":0},"statements":{"total":65,"covered":61,"skipped":0,"pct":93.84},"branches":{"total":0,"covered":0,"skipped":0,"pct":100}}
,"/workspace/src/db/client.ts": {"lines":{"total":3,"covered":0,"skipped":0,"pct":0},"functions":{"total":1,"covered":1,"skipped":0,"pct":100},"statements":{"total":3,"covered":0,"skipped":0,"pct":0},"branches":{"total":1,"covered":1,"skipped":0,"pct":100}}
,"/workspace/src/db/schema.ts": {"lines":{"total":0,"covered":0,"skipped":0,"pct":100},"functions":{"total":1,"covered":1,"skipped":0,"pct":100},"statements":{"total":0,"covered":0,"skipped":0,"pct":100},"branches":{"total":1,"covered":1,"skipped":0,"pct":100}}
,"/workspace/src/db/repositories/eventsRepo.ts": {"lines":{"total":7,"covered":7,"skipped":0,"pct":100},"functions":{"total":1,"covered":1,"skipped":0,"pct":100},"statements":{"total":7,"covered":7,"skipped":0,"pct":100},"branches":{"total":2,"covered":1,"skipped":0,"pct":50}}
,"/workspace/src/db/repositories/lineupsRepo.ts": {"lines":{"total":67,"covered":7,"skipped":0,"pct":10.44},"functions":{"total":3,"covered":1,"skipped":0,"pct":33.33},"statements":{"total":67,"covered":7,"skipped":0,"pct":10.44},"branches":{"total":3,"covered":1,"skipped":0,"pct":33.33}}
,"/workspace/src/db/repositories/marketRepo.ts": {"lines":{"total":67,"covered":1,"skipped":0,"pct":1.49},"functions":{"total":4,"covered":0,"skipped":0,"pct":0},"statements":{"total":67,"covered":1,"skipped":0,"pct":1.49},"branches":{"total":0,"covered":0,"skipped":0,"pct":100}}
,"/workspace/src/db/repositories/matchPredictionScenarioRepo.ts": {"lines":{"total":209,"covered":1,"skipped":0,"pct":0.47},"functions":{"total":8,"covered":0,"skipped":0,"pct":0},"statements":{"total":209,"covered":1,"skipped":0,"pct":0.47},"branches":{"total":0,"covered":0,"skipped":0,"pct":100}}
,"/workspace/src/db/repositories/matchesRepo.ts": {"lines":{"total":29,"covered":15,"skipped":0,"pct":51.72},"functions":{"total":3,"covered":2,"skipped":0,"pct":66.66},"statements":{"total":29,"covered":15,"skipped":0,"pct":51.72},"branches":{"total":4,"covered":2,"skipped":0,"pct":50}}
,"/workspace/src/db/repositories/playersRepo.ts": {"lines":{"total":10,"covered":10,"skipped":0,"pct":100},"functions":{"total":2,"covered":2,"skipped":0,"pct":100},"statements":{"total":10,"covered":10,"skipped":0,"pct":100},"branches":{"total":3,"covered":2,"skipped":0,"pct":66.66}}
,"/workspace/src/db/repositories/probabilityRepo.ts": {"lines":{"total":56,"covered":56,"skipped":0,"pct":100},"functions":{"total":3,"covered":3,"skipped":0,"pct":100},"statements":{"total":56,"covered":56,"skipped":0,"pct":100},"branches":{"total":4,"covered":3,"skipped":0,"pct":75}}
,"/workspace/src/db/repositories/scenarioRepo.ts": {"lines":{"total":46,"covered":1,"skipped":0,"pct":2.17},"functions":{"total":2,"covered":0,"skipped":0,"pct":0},"statements":{"total":46,"covered":1,"skipped":0,"pct":2.17},"branches":{"total":0,"covered":0,"skipped":0,"pct":100}}
,"/workspace/src/db/repositories/sourcesRepo.ts": {"lines":{"total":7,"covered":4,"skipped":0,"pct":57.14},"functions":{"total":2,"covered":1,"skipped":0,"pct":50},"statements":{"total":7,"covered":4,"skipped":0,"pct":57.14},"branches":{"total":2,"covered":1,"skipped":0,"pct":50}}
,"/workspace/src/db/repositories/teamSystemRepo.ts": {"lines":{"total":59,"covered":2,"skipped":0,"pct":3.38},"functions":{"total":2,"covered":0,"skipped":0,"pct":0},"statements":{"total":59,"covered":2,"skipped":0,"pct":3.38},"branches":{"total":0,"covered":0,"skipped":0,"pct":100}}
,"/workspace/src/db/repositories/teamsRepo.ts": {"lines":{"total":21,"covered":14,"skipped":0,"pct":66.66},"functions":{"total":3,"covered":2,"skipped":0,"pct":66.66},"statements":{"total":21,"covered":14,"skipped":0,"pct":66.66},"branches":{"total":5,"covered":4,"skipped":0,"pct":80}}
,"/workspace/src/db/repositories/tournamentsRepo.ts": {"lines":{"total":15,"covered":15,"skipped":0,"pct":100},"functions":{"total":2,"covered":2,"skipped":0,"pct":100},"statements":{"total":15,"covered":15,"skipped":0,"pct":100},"branches":{"total":4,"covered":3,"skipped":0,"pct":75}}
,"/workspace/src/durable-objects/MatchRoom.ts": {"lines":{"total":47,"covered":0,"skipped":0,"pct":0},"functions":{"total":1,"covered":0,"skipped":0,"pct":0},"statements":{"total":47,"covered":0,"skipped":0,"pct":0},"branches":{"total":1,"covered":0,"skipped":0,"pct":0}}
,"/workspace/src/ingestion/matchDataProvider.ts": {"lines":{"total":30,"covered":0,"skipped":0,"pct":0},"functions":{"total":1,"covered":1,"skipped":0,"pct":100},"statements":{"total":30,"covered":0,"skipped":0,"pct":0},"branches":{"total":1,"covered":1,"skipped":0,"pct":100}}
,"/workspace/src/ingestion/matchDataRefresh.ts": {"lines":{"total":72,"covered":0,"skipped":0,"pct":0},"functions":{"total":1,"covered":1,"skipped":0,"pct":100},"statements":{"total":72,"covered":0,"skipped":0,"pct":0},"branches":{"total":1,"covered":1,"skipped":0,"pct":100}}
,"/workspace/src/ingestion/newsCrawler.ts": {"lines":{"total":53,"covered":14,"skipped":0,"pct":26.41},"functions":{"total":1,"covered":0,"skipped":0,"pct":0},"statements":{"total":53,"covered":14,"skipped":0,"pct":26.41},"branches":{"total":0,"covered":0,"skipped":0,"pct":100}}
,"/workspace/src/ingestion/sourceRegistry.ts": {"lines":{"total":11,"covered":0,"skipped":0,"pct":0},"functions":{"total":1,"covered":0,"skipped":0,"pct":0},"statements":{"total":11,"covered":0,"skipped":0,"pct":0},"branches":{"total":1,"covered":0,"skipped":0,"pct":0}}
,"/workspace/src/ingestion/statsbombIngest.ts": {"lines":{"total":101,"covered":0,"skipped":0,"pct":0},"functions":{"total":1,"covered":1,"skipped":0,"pct":100},"statements":{"total":101,"covered":0,"skipped":0,"pct":0},"branches":{"total":1,"covered":1,"skipped":0,"pct":100}}
,"/workspace/src/ingestion/adapters/FifaWc2026NewsAdapter.ts": {"lines":{"total":141,"covered":10,"skipped":0,"pct":7.09},"functions":{"total":7,"covered":0,"skipped":0,"pct":0},"statements":{"total":141,"covered":10,"skipped":0,"pct":7.09},"branches":{"total":0,"covered":0,"skipped":0,"pct":100}}
,"/workspace/src/ingestion/adapters/TrustedNewsRssAdapter.ts": {"lines":{"total":168,"covered":76,"skipped":0,"pct":45.23},"functions":{"total":7,"covered":0,"skipped":0,"pct":0},"statements":{"total":168,"covered":76,"skipped":0,"pct":45.23},"branches":{"total":0,"covered":0,"skipped":0,"pct":100}}
,"/workspace/src/ingestion/adapters/statsbombOpenData.ts": {"lines":{"total":71,"covered":0,"skipped":0,"pct":0},"functions":{"total":1,"covered":1,"skipped":0,"pct":100},"statements":{"total":71,"covered":0,"skipped":0,"pct":0},"branches":{"total":1,"covered":1,"skipped":0,"pct":100}}
,"/workspace/src/ingestion/espn/espnStatsClient.ts": {"lines":{"total":91,"covered":8,"skipped":0,"pct":8.79},"functions":{"total":6,"covered":0,"skipped":0,"pct":0},"statements":{"total":91,"covered":8,"skipped":0,"pct":8.79},"branches":{"total":0,"covered":0,"skipped":0,"pct":100}}
,"/workspace/src/ingestion/espn/espnTeamMatch.ts": {"lines":{"total":42,"covered":10,"skipped":0,"pct":23.8},"functions":{"total":3,"covered":0,"skipped":0,"pct":0},"statements":{"total":42,"covered":10,"skipped":0,"pct":23.8},"branches":{"total":0,"covered":0,"skipped":0,"pct":100}}
,"/workspace/src/ingestion/espn/parseEspnStats.ts": {"lines":{"total":39,"covered":2,"skipped":0,"pct":5.12},"functions":{"total":3,"covered":0,"skipped":0,"pct":0},"statements":{"total":39,"covered":2,"skipped":0,"pct":5.12},"branches":{"total":0,"covered":0,"skipped":0,"pct":100}}
,"/workspace/src/ingestion/fifa/constants.ts": {"lines":{"total":21,"covered":21,"skipped":0,"pct":100},"functions":{"total":0,"covered":0,"skipped":0,"pct":100},"statements":{"total":21,"covered":21,"skipped":0,"pct":100},"branches":{"total":0,"covered":0,"skipped":0,"pct":100}}
,"/workspace/src/ingestion/fifa/fifaApiClient.ts": {"lines":{"total":52,"covered":8,"skipped":0,"pct":15.38},"functions":{"total":5,"covered":0,"skipped":0,"pct":0},"statements":{"total":52,"covered":8,"skipped":0,"pct":15.38},"branches":{"total":0,"covered":0,"skipped":0,"pct":100}}
,"/workspace/src/ingestion/fifa/fifaGamedayClient.ts": {"lines":{"total":45,"covered":8,"skipped":0,"pct":17.77},"functions":{"total":3,"covered":0,"skipped":0,"pct":0},"statements":{"total":45,"covered":8,"skipped":0,"pct":17.77},"branches":{"total":0,"covered":0,"skipped":0,"pct":100}}
,"/workspace/src/ingestion/fifa/fifaLineupSync.ts": {"lines":{"total":210,"covered":14,"skipped":0,"pct":6.66},"functions":{"total":8,"covered":0,"skipped":0,"pct":0},"statements":{"total":210,"covered":14,"skipped":0,"pct":6.66},"branches":{"total":0,"covered":0,"skipped":0,"pct":100}}
,"/workspace/src/ingestion/fifa/fifaLiveBlogSync.ts": {"lines":{"total":306,"covered":10,"skipped":0,"pct":3.26},"functions":{"total":9,"covered":0,"skipped":0,"pct":0},"statements":{"total":306,"covered":10,"skipped":0,"pct":3.26},"branches":{"total":0,"covered":0,"skipped":0,"pct":100}}
,"/workspace/src/ingestion/fifa/fifaLiveSync.ts": {"lines":{"total":408,"covered":8,"skipped":0,"pct":1.96},"functions":{"total":14,"covered":0,"skipped":0,"pct":0},"statements":{"total":408,"covered":8,"skipped":0,"pct":1.96},"branches":{"total":0,"covered":0,"skipped":0,"pct":100}}
,"/workspace/src/ingestion/fifa/fifaPlayerResolve.ts": {"lines":{"total":55,"covered":3,"skipped":0,"pct":5.45},"functions":{"total":3,"covered":0,"skipped":0,"pct":0},"statements":{"total":55,"covered":3,"skipped":0,"pct":5.45},"branches":{"total":0,"covered":0,"skipped":0,"pct":100}}
,"/workspace/src/ingestion/fifa/parse.ts": {"lines":{"total":56,"covered":7,"skipped":0,"pct":12.5},"functions":{"total":7,"covered":0,"skipped":0,"pct":0},"statements":{"total":56,"covered":7,"skipped":0,"pct":12.5},"branches":{"total":0,"covered":0,"skipped":0,"pct":100}}
,"/workspace/src/ingestion/fifa/parseFifaGamedayStats.ts": {"lines":{"total":31,"covered":2,"skipped":0,"pct":6.45},"functions":{"total":3,"covered":0,"skipped":0,"pct":0},"statements":{"total":31,"covered":2,"skipped":0,"pct":6.45},"branches":{"total":0,"covered":0,"skipped":0,"pct":100}}
,"/workspace/src/ingestion/fifa/parseFifaTimeline.ts": {"lines":{"total":111,"covered":19,"skipped":0,"pct":17.11},"functions":{"total":6,"covered":0,"skipped":0,"pct":0},"statements":{"total":111,"covered":19,"skipped":0,"pct":17.11},"branches":{"total":0,"covered":0,"skipped":0,"pct":100}}
,"/workspace/src/ingestion/fifa/teamMatchStatsComplete.ts": {"lines":{"total":32,"covered":1,"skipped":0,"pct":3.12},"functions":{"total":2,"covered":0,"skipped":0,"pct":0},"statements":{"total":32,"covered":1,"skipped":0,"pct":3.12},"branches":{"total":0,"covered":0,"skipped":0,"pct":100}}
,"/workspace/src/lib/formationLayout.ts": {"lines":{"total":82,"covered":9,"skipped":0,"pct":10.97},"functions":{"total":5,"covered":0,"skipped":0,"pct":0},"statements":{"total":82,"covered":9,"skipped":0,"pct":10.97},"branches":{"total":0,"covered":0,"skipped":0,"pct":100}}
,"/workspace/src/lib/teamFlags.ts": {"lines":{"total":40,"covered":10,"skipped":0,"pct":25},"functions":{"total":3,"covered":0,"skipped":0,"pct":0},"statements":{"total":40,"covered":10,"skipped":0,"pct":25},"branches":{"total":0,"covered":0,"skipped":0,"pct":100}}
,"/workspace/src/market/marketSourceRegistry.ts": {"lines":{"total":10,"covered":4,"skipped":0,"pct":40},"functions":{"total":1,"covered":0,"skipped":0,"pct":0},"statements":{"total":10,"covered":4,"skipped":0,"pct":40},"branches":{"total":0,"covered":0,"skipped":0,"pct":100}}
,"/workspace/src/market/types.ts": {"lines":{"total":2,"covered":2,"skipped":0,"pct":100},"functions":{"total":0,"covered":0,"skipped":0,"pct":100},"statements":{"total":2,"covered":2,"skipped":0,"pct":100},"branches":{"total":0,"covered":0,"skipped":0,"pct":100}}
,"/workspace/src/market/adapters/CompliantPublicOddsAdapter.ts": {"lines":{"total":7,"covered":1,"skipped":0,"pct":14.28},"functions":{"total":1,"covered":0,"skipped":0,"pct":0},"statements":{"total":7,"covered":1,"skipped":0,"pct":14.28},"branches":{"total":0,"covered":0,"skipped":0,"pct":100}}
,"/workspace/src/market/adapters/LicensedOddsApiAdapter.ts": {"lines":{"total":11,"covered":1,"skipped":0,"pct":9.09},"functions":{"total":1,"covered":0,"skipped":0,"pct":0},"statements":{"total":11,"covered":1,"skipped":0,"pct":9.09},"branches":{"total":0,"covered":0,"skipped":0,"pct":100}}
,"/workspace/src/market/adapters/ManualMarketInputAdapter.ts": {"lines":{"total":7,"covered":1,"skipped":0,"pct":14.28},"functions":{"total":1,"covered":0,"skipped":0,"pct":0},"statements":{"total":7,"covered":1,"skipped":0,"pct":14.28},"branches":{"total":0,"covered":0,"skipped":0,"pct":100}}
,"/workspace/src/market/adapters/MarketDataAdapter.ts": {"lines":{"total":0,"covered":0,"skipped":0,"pct":100},"functions":{"total":1,"covered":1,"skipped":0,"pct":100},"statements":{"total":0,"covered":0,"skipped":0,"pct":100},"branches":{"total":1,"covered":1,"skipped":0,"pct":100}}
,"/workspace/src/market/calculations/impliedProbability.ts": {"lines":{"total":6,"covered":1,"skipped":0,"pct":16.66},"functions":{"total":1,"covered":0,"skipped":0,"pct":0},"statements":{"total":6,"covered":1,"skipped":0,"pct":16.66},"branches":{"total":0,"covered":0,"skipped":0,"pct":100}}
,"/workspace/src/market/calculations/modelVsMarket.ts": {"lines":{"total":8,"covered":1,"skipped":0,"pct":12.5},"functions":{"total":1,"covered":0,"skipped":0,"pct":0},"statements":{"total":8,"covered":1,"skipped":0,"pct":12.5},"branches":{"total":0,"covered":0,"skipped":0,"pct":100}}
,"/workspace/src/market/calculations/normalizeOverround.ts": {"lines":{"total":14,"covered":1,"skipped":0,"pct":7.14},"functions":{"total":1,"covered":0,"skipped":0,"pct":0},"statements":{"total":14,"covered":1,"skipped":0,"pct":7.14},"branches":{"total":0,"covered":0,"skipped":0,"pct":100}}
,"/workspace/src/market/normalization/normalizeMarketOdds.ts": {"lines":{"total":37,"covered":3,"skipped":0,"pct":8.1},"functions":{"total":1,"covered":0,"skipped":0,"pct":0},"statements":{"total":37,"covered":3,"skipped":0,"pct":8.1},"branches":{"total":0,"covered":0,"skipped":0,"pct":100}}
,"/workspace/src/market/services/marketIngestionService.ts": {"lines":{"total":62,"covered":4,"skipped":0,"pct":6.45},"functions":{"total":2,"covered":0,"skipped":0,"pct":0},"statements":{"total":62,"covered":4,"skipped":0,"pct":6.45},"branches":{"total":0,"covered":0,"skipped":0,"pct":100}}
,"/workspace/src/market/services/marketSignalService.ts": {"lines":{"total":83,"covered":4,"skipped":0,"pct":4.81},"functions":{"total":3,"covered":0,"skipped":0,"pct":0},"statements":{"total":83,"covered":4,"skipped":0,"pct":4.81},"branches":{"total":0,"covered":0,"skipped":0,"pct":100}}
,"/workspace/src/models/backtesting/backtestRunner.ts": {"lines":{"total":43,"covered":2,"skipped":0,"pct":4.65},"functions":{"total":1,"covered":0,"skipped":0,"pct":0},"statements":{"total":43,"covered":2,"skipped":0,"pct":4.65},"branches":{"total":0,"covered":0,"skipped":0,"pct":100}}
,"/workspace/src/models/backtesting/metrics.ts": {"lines":{"total":12,"covered":2,"skipped":0,"pct":16.66},"functions":{"total":2,"covered":0,"skipped":0,"pct":0},"statements":{"total":12,"covered":2,"skipped":0,"pct":16.66},"branches":{"total":0,"covered":0,"skipped":0,"pct":100}}
,"/workspace/src/models/probability/dixonColes.ts": {"lines":{"total":14,"covered":14,"skipped":0,"pct":100},"functions":{"total":1,"covered":1,"skipped":0,"pct":100},"statements":{"total":14,"covered":14,"skipped":0,"pct":100},"branches":{"total":13,"covered":13,"skipped":0,"pct":100}}
,"/workspace/src/models/probability/engine.ts": {"lines":{"total":110,"covered":110,"skipped":0,"pct":100},"functions":{"total":3,"covered":3,"skipped":0,"pct":100},"statements":{"total":110,"covered":110,"skipped":0,"pct":100},"branches":{"total":11,"covered":3,"skipped":0,"pct":27.27}}
,"/workspace/src/models/probability/explainFactors.ts": {"lines":{"total":66,"covered":56,"skipped":0,"pct":84.84},"functions":{"total":1,"covered":1,"skipped":0,"pct":100},"statements":{"total":66,"covered":56,"skipped":0,"pct":84.84},"branches":{"total":12,"covered":2,"skipped":0,"pct":16.66}}
,"/workspace/src/models/probability/fullMatchOutput.ts": {"lines":{"total":32,"covered":3,"skipped":0,"pct":9.37},"functions":{"total":1,"covered":0,"skipped":0,"pct":0},"statements":{"total":32,"covered":3,"skipped":0,"pct":9.37},"branches":{"total":0,"covered":0,"skipped":0,"pct":100}}
,"/workspace/src/models/probability/interval.ts": {"lines":{"total":35,"covered":35,"skipped":0,"pct":100},"functions":{"total":2,"covered":2,"skipped":0,"pct":100},"statements":{"total":35,"covered":35,"skipped":0,"pct":100},"branches":{"total":7,"covered":3,"skipped":0,"pct":42.85}}
,"/workspace/src/models/probability/liveGameState.ts": {"lines":{"total":17,"covered":8,"skipped":0,"pct":47.05},"functions":{"total":1,"covered":1,"skipped":0,"pct":100},"statements":{"total":17,"covered":8,"skipped":0,"pct":47.05},"branches":{"total":2,"covered":1,"skipped":0,"pct":50}}
,"/workspace/src/models/probability/matchContext.ts": {"lines":{"total":33,"covered":31,"skipped":0,"pct":93.93},"functions":{"total":3,"covered":3,"skipped":0,"pct":100},"statements":{"total":33,"covered":31,"skipped":0,"pct":93.93},"branches":{"total":5,"covered":3,"skipped":0,"pct":60}}
,"/workspace/src/models/probability/matchState.ts": {"lines":{"total":11,"covered":9,"skipped":0,"pct":81.81},"functions":{"total":1,"covered":1,"skipped":0,"pct":100},"statements":{"total":11,"covered":9,"skipped":0,"pct":81.81},"branches":{"total":2,"covered":1,"skipped":0,"pct":50}}
,"/workspace/src/models/probability/playerAvailability.ts": {"lines":{"total":5,"covered":2,"skipped":0,"pct":40},"functions":{"total":1,"covered":1,"skipped":0,"pct":100},"statements":{"total":5,"covered":2,"skipped":0,"pct":40},"branches":{"total":2,"covered":1,"skipped":0,"pct":50}}
,"/workspace/src/models/probability/poisson.ts": {"lines":{"total":10,"covered":10,"skipped":0,"pct":100},"functions":{"total":2,"covered":2,"skipped":0,"pct":100},"statements":{"total":10,"covered":10,"skipped":0,"pct":100},"branches":{"total":7,"covered":6,"skipped":0,"pct":85.71}}
,"/workspace/src/models/probability/scenarioLikelihood.ts": {"lines":{"total":61,"covered":13,"skipped":0,"pct":21.31},"functions":{"total":2,"covered":0,"skipped":0,"pct":0},"statements":{"total":61,"covered":13,"skipped":0,"pct":21.31},"branches":{"total":0,"covered":0,"skipped":0,"pct":100}}
,"/workspace/src/models/probability/scoreline.ts": {"lines":{"total":36,"covered":36,"skipped":0,"pct":100},"functions":{"total":3,"covered":3,"skipped":0,"pct":100},"statements":{"total":36,"covered":36,"skipped":0,"pct":100},"branches":{"total":13,"covered":12,"skipped":0,"pct":92.3}}
,"/workspace/src/models/probability/staffModifiers.ts": {"lines":{"total":32,"covered":23,"skipped":0,"pct":71.87},"functions":{"total":4,"covered":4,"skipped":0,"pct":100},"statements":{"total":32,"covered":23,"skipped":0,"pct":71.87},"branches":{"total":8,"covered":5,"skipped":0,"pct":62.5}}
,"/workspace/src/models/probability/tacticalMatchup.ts": {"lines":{"total":22,"covered":15,"skipped":0,"pct":68.18},"functions":{"total":1,"covered":1,"skipped":0,"pct":100},"statements":{"total":22,"covered":15,"skipped":0,"pct":68.18},"branches":{"total":7,"covered":1,"skipped":0,"pct":14.28}}
,"/workspace/src/models/probability/teamStrength.ts": {"lines":{"total":24,"covered":24,"skipped":0,"pct":100},"functions":{"total":4,"covered":4,"skipped":0,"pct":100},"statements":{"total":24,"covered":24,"skipped":0,"pct":100},"branches":{"total":4,"covered":4,"skipped":0,"pct":100}}
,"/workspace/src/models/probability/teamSystemStrength.ts": {"lines":{"total":56,"covered":1,"skipped":0,"pct":1.78},"functions":{"total":2,"covered":0,"skipped":0,"pct":0},"statements":{"total":56,"covered":1,"skipped":0,"pct":1.78},"branches":{"total":0,"covered":0,"skipped":0,"pct":100}}
,"/workspace/src/models/probability/types.ts": {"lines":{"total":0,"covered":0,"skipped":0,"pct":100},"functions":{"total":1,"covered":1,"skipped":0,"pct":100},"statements":{"total":0,"covered":0,"skipped":0,"pct":100},"branches":{"total":1,"covered":1,"skipped":0,"pct":100}}
,"/workspace/src/models/scenarios/scenarioComparison.ts": {"lines":{"total":39,"covered":1,"skipped":0,"pct":2.56},"functions":{"total":1,"covered":0,"skipped":0,"pct":0},"statements":{"total":39,"covered":1,"skipped":0,"pct":2.56},"branches":{"total":0,"covered":0,"skipped":0,"pct":100}}
,"/workspace/src/models/scenarios/scenarioEngine.ts": {"lines":{"total":285,"covered":1,"skipped":0,"pct":0.35},"functions":{"total":7,"covered":0,"skipped":0,"pct":0},"statements":{"total":285,"covered":1,"skipped":0,"pct":0.35},"branches":{"total":0,"covered":0,"skipped":0,"pct":100}}
,"/workspace/src/models/scenarios/scenarioExplanationFactors.ts": {"lines":{"total":7,"covered":1,"skipped":0,"pct":14.28},"functions":{"total":1,"covered":0,"skipped":0,"pct":0},"statements":{"total":7,"covered":1,"skipped":0,"pct":14.28},"branches":{"total":0,"covered":0,"skipped":0,"pct":100}}
,"/workspace/src/models/scenarios/scenarioFeatureSelector.ts": {"lines":{"total":91,"covered":43,"skipped":0,"pct":47.25},"functions":{"total":2,"covered":0,"skipped":0,"pct":0},"statements":{"total":91,"covered":43,"skipped":0,"pct":47.25},"branches":{"total":0,"covered":0,"skipped":0,"pct":100}}
,"/workspace/src/models/scenarios/scenarioGenerator.ts": {"lines":{"total":80,"covered":5,"skipped":0,"pct":6.25},"functions":{"total":2,"covered":0,"skipped":0,"pct":0},"statements":{"total":80,"covered":5,"skipped":0,"pct":6.25},"branches":{"total":0,"covered":0,"skipped":0,"pct":100}}
,"/workspace/src/models/scenarios/scenarioRealtimeUpdater.ts": {"lines":{"total":66,"covered":4,"skipped":0,"pct":6.06},"functions":{"total":1,"covered":0,"skipped":0,"pct":0},"statements":{"total":66,"covered":4,"skipped":0,"pct":6.06},"branches":{"total":0,"covered":0,"skipped":0,"pct":100}}
,"/workspace/src/models/scenarios/scenarioValidation.ts": {"lines":{"total":30,"covered":11,"skipped":0,"pct":36.66},"functions":{"total":2,"covered":0,"skipped":0,"pct":0},"statements":{"total":30,"covered":11,"skipped":0,"pct":36.66},"branches":{"total":0,"covered":0,"skipped":0,"pct":100}}
,"/workspace/src/models/scenarios/types.ts": {"lines":{"total":16,"covered":16,"skipped":0,"pct":100},"functions":{"total":0,"covered":0,"skipped":0,"pct":100},"statements":{"total":16,"covered":16,"skipped":0,"pct":100},"branches":{"total":0,"covered":0,"skipped":0,"pct":100}}
,"/workspace/src/models/scenarios/backtesting/scenarioBacktestRunner.ts": {"lines":{"total":70,"covered":0,"skipped":0,"pct":0},"functions":{"total":1,"covered":1,"skipped":0,"pct":100},"statements":{"total":70,"covered":0,"skipped":0,"pct":0},"branches":{"total":1,"covered":1,"skipped":0,"pct":100}}
,"/workspace/src/models/scenarios/backtesting/scenarioCalibration.ts": {"lines":{"total":10,"covered":0,"skipped":0,"pct":0},"functions":{"total":1,"covered":0,"skipped":0,"pct":0},"statements":{"total":10,"covered":0,"skipped":0,"pct":0},"branches":{"total":1,"covered":0,"skipped":0,"pct":0}}
,"/workspace/src/models/scenarios/backtesting/scenarioMetrics.ts": {"lines":{"total":17,"covered":0,"skipped":0,"pct":0},"functions":{"total":1,"covered":1,"skipped":0,"pct":100},"statements":{"total":17,"covered":0,"skipped":0,"pct":0},"branches":{"total":1,"covered":1,"skipped":0,"pct":100}}
,"/workspace/src/queues/ingestConsumer.ts": {"lines":{"total":85,"covered":0,"skipped":0,"pct":0},"functions":{"total":1,"covered":1,"skipped":0,"pct":100},"statements":{"total":85,"covered":0,"skipped":0,"pct":0},"branches":{"total":1,"covered":1,"skipped":0,"pct":100}}
,"/workspace/src/queues/modelConsumer.ts": {"lines":{"total":115,"covered":0,"skipped":0,"pct":0},"functions":{"total":1,"covered":1,"skipped":0,"pct":100},"statements":{"total":115,"covered":0,"skipped":0,"pct":0},"branches":{"total":1,"covered":1,"skipped":0,"pct":100}}
,"/workspace/src/queues/types.ts": {"lines":{"total":0,"covered":0,"skipped":0,"pct":100},"functions":{"total":1,"covered":1,"skipped":0,"pct":100},"statements":{"total":0,"covered":0,"skipped":0,"pct":100},"branches":{"total":1,"covered":1,"skipped":0,"pct":100}}
,"/workspace/src/routes/admin.ts": {"lines":{"total":249,"covered":249,"skipped":0,"pct":100},"functions":{"total":1,"covered":1,"skipped":0,"pct":100},"statements":{"total":249,"covered":249,"skipped":0,"pct":100},"branches":{"total":50,"covered":50,"skipped":0,"pct":100}}
,"/workspace/src/routes/analysis.ts": {"lines":{"total":32,"covered":32,"skipped":0,"pct":100},"functions":{"total":0,"covered":0,"skipped":0,"pct":100},"statements":{"total":32,"covered":32,"skipped":0,"pct":100},"branches":{"total":9,"covered":9,"skipped":0,"pct":100}}
,"/workspace/src/routes/dashboard.ts": {"lines":{"total":15,"covered":15,"skipped":0,"pct":100},"functions":{"total":0,"covered":0,"skipped":0,"pct":100},"statements":{"total":15,"covered":15,"skipped":0,"pct":100},"branches":{"total":3,"covered":3,"skipped":0,"pct":100}}
,"/workspace/src/routes/discovery.ts": {"lines":{"total":147,"covered":147,"skipped":0,"pct":100},"functions":{"total":0,"covered":0,"skipped":0,"pct":100},"statements":{"total":147,"covered":147,"skipped":0,"pct":100},"branches":{"total":18,"covered":18,"skipped":0,"pct":100}}
,"/workspace/src/routes/health.ts": {"lines":{"total":13,"covered":13,"skipped":0,"pct":100},"functions":{"total":0,"covered":0,"skipped":0,"pct":100},"statements":{"total":13,"covered":13,"skipped":0,"pct":100},"branches":{"total":3,"covered":3,"skipped":0,"pct":100}}
,"/workspace/src/routes/home.ts": {"lines":{"total":40,"covered":40,"skipped":0,"pct":100},"functions":{"total":1,"covered":1,"skipped":0,"pct":100},"statements":{"total":40,"covered":40,"skipped":0,"pct":100},"branches":{"total":11,"covered":11,"skipped":0,"pct":100}}
,"/workspace/src/routes/matchIntelligence.ts": {"lines":{"total":46,"covered":46,"skipped":0,"pct":100},"functions":{"total":0,"covered":0,"skipped":0,"pct":100},"statements":{"total":46,"covered":46,"skipped":0,"pct":100},"branches":{"total":18,"covered":18,"skipped":0,"pct":100}}
,"/workspace/src/routes/matches.ts": {"lines":{"total":203,"covered":203,"skipped":0,"pct":100},"functions":{"total":2,"covered":2,"skipped":0,"pct":100},"statements":{"total":203,"covered":203,"skipped":0,"pct":100},"branches":{"total":65,"covered":63,"skipped":0,"pct":96.92}}
,"/workspace/src/routes/news.ts": {"lines":{"total":242,"covered":242,"skipped":0,"pct":100},"functions":{"total":3,"covered":3,"skipped":0,"pct":100},"statements":{"total":242,"covered":242,"skipped":0,"pct":100},"branches":{"total":80,"covered":75,"skipped":0,"pct":93.75}}
,"/workspace/src/routes/players.ts": {"lines":{"total":27,"covered":27,"skipped":0,"pct":100},"functions":{"total":0,"covered":0,"skipped":0,"pct":100},"statements":{"total":27,"covered":27,"skipped":0,"pct":100},"branches":{"total":7,"covered":7,"skipped":0,"pct":100}}
,"/workspace/src/routes/probability.ts": {"lines":{"total":166,"covered":164,"skipped":0,"pct":98.79},"functions":{"total":7,"covered":7,"skipped":0,"pct":100},"statements":{"total":166,"covered":164,"skipped":0,"pct":98.79},"branches":{"total":66,"covered":46,"skipped":0,"pct":69.69}}
,"/workspace/src/routes/publicApi.ts": {"lines":{"total":181,"covered":181,"skipped":0,"pct":100},"functions":{"total":2,"covered":2,"skipped":0,"pct":100},"statements":{"total":181,"covered":181,"skipped":0,"pct":100},"branches":{"total":68,"covered":66,"skipped":0,"pct":97.05}}
,"/workspace/src/routes/scenarioPredictions.ts": {"lines":{"total":54,"covered":54,"skipped":0,"pct":100},"functions":{"total":0,"covered":0,"skipped":0,"pct":100},"statements":{"total":54,"covered":54,"skipped":0,"pct":100},"branches":{"total":22,"covered":22,"skipped":0,"pct":100}}
,"/workspace/src/routes/schedule.ts": {"lines":{"total":16,"covered":16,"skipped":0,"pct":100},"functions":{"total":0,"covered":0,"skipped":0,"pct":100},"statements":{"total":16,"covered":16,"skipped":0,"pct":100},"branches":{"total":3,"covered":3,"skipped":0,"pct":100}}
,"/workspace/src/routes/search.ts": {"lines":{"total":36,"covered":36,"skipped":0,"pct":100},"functions":{"total":0,"covered":0,"skipped":0,"pct":100},"statements":{"total":36,"covered":36,"skipped":0,"pct":100},"branches":{"total":4,"covered":4,"skipped":0,"pct":100}}
,"/workspace/src/routes/teams.ts": {"lines":{"total":55,"covered":55,"skipped":0,"pct":100},"functions":{"total":0,"covered":0,"skipped":0,"pct":100},"statements":{"total":55,"covered":55,"skipped":0,"pct":100},"branches":{"total":14,"covered":14,"skipped":0,"pct":100}}
,"/workspace/src/routes/tournaments.ts": {"lines":{"total":63,"covered":63,"skipped":0,"pct":100},"functions":{"total":0,"covered":0,"skipped":0,"pct":100},"statements":{"total":63,"covered":63,"skipped":0,"pct":100},"branches":{"total":17,"covered":17,"skipped":0,"pct":100}}
,"/workspace/src/scheduled/cron.ts": {"lines":{"total":41,"covered":0,"skipped":0,"pct":0},"functions":{"total":1,"covered":1,"skipped":0,"pct":100},"statements":{"total":41,"covered":0,"skipped":0,"pct":0},"branches":{"total":1,"covered":1,"skipped":0,"pct":100}}
,"/workspace/src/services/bracketPayload.ts": {"lines":{"total":53,"covered":53,"skipped":0,"pct":100},"functions":{"total":1,"covered":1,"skipped":0,"pct":100},"statements":{"total":53,"covered":53,"skipped":0,"pct":100},"branches":{"total":6,"covered":2,"skipped":0,"pct":33.33}}
,"/workspace/src/services/bulkRecomputeRunner.ts": {"lines":{"total":35,"covered":4,"skipped":0,"pct":11.42},"functions":{"total":2,"covered":0,"skipped":0,"pct":0},"statements":{"total":35,"covered":4,"skipped":0,"pct":11.42},"branches":{"total":0,"covered":0,"skipped":0,"pct":100}}
,"/workspace/src/services/cacheWarm.ts": {"lines":{"total":20,"covered":0,"skipped":0,"pct":0},"functions":{"total":1,"covered":1,"skipped":0,"pct":100},"statements":{"total":20,"covered":0,"skipped":0,"pct":0},"branches":{"total":1,"covered":1,"skipped":0,"pct":100}}
,"/workspace/src/services/dashboardPayload.ts": {"lines":{"total":47,"covered":47,"skipped":0,"pct":100},"functions":{"total":1,"covered":1,"skipped":0,"pct":100},"statements":{"total":47,"covered":47,"skipped":0,"pct":100},"branches":{"total":4,"covered":1,"skipped":0,"pct":25}}
,"/workspace/src/services/featuredMatch.ts": {"lines":{"total":52,"covered":51,"skipped":0,"pct":98.07},"functions":{"total":2,"covered":2,"skipped":0,"pct":100},"statements":{"total":52,"covered":51,"skipped":0,"pct":98.07},"branches":{"total":6,"covered":2,"skipped":0,"pct":33.33}}
,"/workspace/src/services/healthPayload.ts": {"lines":{"total":37,"covered":37,"skipped":0,"pct":100},"functions":{"total":1,"covered":1,"skipped":0,"pct":100},"statements":{"total":37,"covered":37,"skipped":0,"pct":100},"branches":{"total":5,"covered":1,"skipped":0,"pct":20}}
,"/workspace/src/services/homePayload.ts": {"lines":{"total":26,"covered":26,"skipped":0,"pct":100},"functions":{"total":1,"covered":1,"skipped":0,"pct":100},"statements":{"total":26,"covered":26,"skipped":0,"pct":100},"branches":{"total":1,"covered":1,"skipped":0,"pct":100}}
,"/workspace/src/services/lineupDisplay.ts": {"lines":{"total":321,"covered":36,"skipped":0,"pct":11.21},"functions":{"total":15,"covered":0,"skipped":0,"pct":0},"statements":{"total":321,"covered":36,"skipped":0,"pct":11.21},"branches":{"total":0,"covered":0,"skipped":0,"pct":100}}
,"/workspace/src/services/lineupFeatures.ts": {"lines":{"total":33,"covered":1,"skipped":0,"pct":3.03},"functions":{"total":2,"covered":0,"skipped":0,"pct":0},"statements":{"total":33,"covered":1,"skipped":0,"pct":3.03},"branches":{"total":0,"covered":0,"skipped":0,"pct":100}}
,"/workspace/src/services/matchFeatures.ts": {"lines":{"total":138,"covered":126,"skipped":0,"pct":91.3},"functions":{"total":4,"covered":4,"skipped":0,"pct":100},"statements":{"total":138,"covered":126,"skipped":0,"pct":91.3},"branches":{"total":27,"covered":4,"skipped":0,"pct":14.81}}
,"/workspace/src/services/matchGroupContext.ts": {"lines":{"total":23,"covered":1,"skipped":0,"pct":4.34},"functions":{"total":1,"covered":0,"skipped":0,"pct":0},"statements":{"total":23,"covered":1,"skipped":0,"pct":4.34},"branches":{"total":0,"covered":0,"skipped":0,"pct":100}}
,"/workspace/src/services/matchHints.ts": {"lines":{"total":66,"covered":59,"skipped":0,"pct":89.39},"functions":{"total":1,"covered":1,"skipped":0,"pct":100},"statements":{"total":66,"covered":59,"skipped":0,"pct":89.39},"branches":{"total":8,"covered":5,"skipped":0,"pct":62.5}}
,"/workspace/src/services/matchHistory.ts": {"lines":{"total":219,"covered":63,"skipped":0,"pct":28.76},"functions":{"total":8,"covered":2,"skipped":0,"pct":25},"statements":{"total":219,"covered":63,"skipped":0,"pct":28.76},"branches":{"total":11,"covered":3,"skipped":0,"pct":27.27}}
,"/workspace/src/services/matchIntelligence.ts": {"lines":{"total":113,"covered":0,"skipped":0,"pct":0},"functions":{"total":1,"covered":1,"skipped":0,"pct":100},"statements":{"total":113,"covered":0,"skipped":0,"pct":0},"branches":{"total":1,"covered":1,"skipped":0,"pct":100}}
,"/workspace/src/services/matchLifecycle.ts": {"lines":{"total":48,"covered":8,"skipped":0,"pct":16.66},"functions":{"total":5,"covered":0,"skipped":0,"pct":0},"statements":{"total":48,"covered":8,"skipped":0,"pct":16.66},"branches":{"total":0,"covered":0,"skipped":0,"pct":100}}
,"/workspace/src/services/matchLineupProjection.ts": {"lines":{"total":90,"covered":2,"skipped":0,"pct":2.22},"functions":{"total":4,"covered":0,"skipped":0,"pct":0},"statements":{"total":90,"covered":2,"skipped":0,"pct":2.22},"branches":{"total":0,"covered":0,"skipped":0,"pct":100}}
,"/workspace/src/services/matchPreviewAnalysis.ts": {"lines":{"total":347,"covered":14,"skipped":0,"pct":4.03},"functions":{"total":10,"covered":0,"skipped":0,"pct":0},"statements":{"total":347,"covered":14,"skipped":0,"pct":4.03},"branches":{"total":0,"covered":0,"skipped":0,"pct":100}}
,"/workspace/src/services/matchRecap.ts": {"lines":{"total":92,"covered":41,"skipped":0,"pct":44.56},"functions":{"total":1,"covered":1,"skipped":0,"pct":100},"statements":{"total":92,"covered":41,"skipped":0,"pct":44.56},"branches":{"total":14,"covered":1,"skipped":0,"pct":7.14}}
,"/workspace/src/services/matchRef.ts": {"lines":{"total":98,"covered":59,"skipped":0,"pct":60.2},"functions":{"total":6,"covered":4,"skipped":0,"pct":66.66},"statements":{"total":98,"covered":59,"skipped":0,"pct":60.2},"branches":{"total":16,"covered":11,"skipped":0,"pct":68.75}}
,"/workspace/src/services/matchScenarioService.ts": {"lines":{"total":220,"covered":21,"skipped":0,"pct":9.54},"functions":{"total":7,"covered":0,"skipped":0,"pct":0},"statements":{"total":220,"covered":21,"skipped":0,"pct":9.54},"branches":{"total":0,"covered":0,"skipped":0,"pct":100}}
,"/workspace/src/services/matchStaff.ts": {"lines":{"total":124,"covered":82,"skipped":0,"pct":66.12},"functions":{"total":7,"covered":6,"skipped":0,"pct":85.71},"statements":{"total":124,"covered":82,"skipped":0,"pct":66.12},"branches":{"total":15,"covered":8,"skipped":0,"pct":53.33}}
,"/workspace/src/services/matchStats.ts": {"lines":{"total":121,"covered":85,"skipped":0,"pct":70.24},"functions":{"total":2,"covered":2,"skipped":0,"pct":100},"statements":{"total":121,"covered":85,"skipped":0,"pct":70.24},"branches":{"total":34,"covered":2,"skipped":0,"pct":5.88}}
,"/workspace/src/services/matchThumbnail.ts": {"lines":{"total":134,"covered":10,"skipped":0,"pct":7.46},"functions":{"total":11,"covered":0,"skipped":0,"pct":0},"statements":{"total":134,"covered":10,"skipped":0,"pct":7.46},"branches":{"total":0,"covered":0,"skipped":0,"pct":100}}
,"/workspace/src/services/matchThumbnailPng.ts": {"lines":{"total":47,"covered":0,"skipped":0,"pct":0},"functions":{"total":1,"covered":0,"skipped":0,"pct":0},"statements":{"total":47,"covered":0,"skipped":0,"pct":0},"branches":{"total":1,"covered":0,"skipped":0,"pct":0}}
,"/workspace/src/services/newsImagePipeline.ts": {"lines":{"total":126,"covered":12,"skipped":0,"pct":9.52},"functions":{"total":8,"covered":1,"skipped":0,"pct":12.5},"statements":{"total":126,"covered":12,"skipped":0,"pct":9.52},"branches":{"total":1,"covered":1,"skipped":0,"pct":100}}
,"/workspace/src/services/newsImageUrls.ts": {"lines":{"total":23,"covered":3,"skipped":0,"pct":13.04},"functions":{"total":2,"covered":0,"skipped":0,"pct":0},"statements":{"total":23,"covered":3,"skipped":0,"pct":13.04},"branches":{"total":0,"covered":0,"skipped":0,"pct":100}}
,"/workspace/src/services/newsListPayload.ts": {"lines":{"total":48,"covered":46,"skipped":0,"pct":95.83},"functions":{"total":3,"covered":3,"skipped":0,"pct":100},"statements":{"total":48,"covered":46,"skipped":0,"pct":95.83},"branches":{"total":16,"covered":3,"skipped":0,"pct":18.75}}
,"/workspace/src/services/newsMatchImpact.ts": {"lines":{"total":175,"covered":0,"skipped":0,"pct":0},"functions":{"total":1,"covered":1,"skipped":0,"pct":100},"statements":{"total":175,"covered":0,"skipped":0,"pct":0},"branches":{"total":1,"covered":1,"skipped":0,"pct":100}}
,"/workspace/src/services/newsPublish.ts": {"lines":{"total":75,"covered":8,"skipped":0,"pct":10.66},"functions":{"total":1,"covered":0,"skipped":0,"pct":0},"statements":{"total":75,"covered":8,"skipped":0,"pct":10.66},"branches":{"total":0,"covered":0,"skipped":0,"pct":100}}
,"/workspace/src/services/newsScoring.ts": {"lines":{"total":24,"covered":2,"skipped":0,"pct":8.33},"functions":{"total":2,"covered":0,"skipped":0,"pct":0},"statements":{"total":24,"covered":2,"skipped":0,"pct":8.33},"branches":{"total":0,"covered":0,"skipped":0,"pct":100}}
,"/workspace/src/services/newsSourceBackfill.ts": {"lines":{"total":53,"covered":3,"skipped":0,"pct":5.66},"functions":{"total":3,"covered":0,"skipped":0,"pct":0},"statements":{"total":53,"covered":3,"skipped":0,"pct":5.66},"branches":{"total":0,"covered":0,"skipped":0,"pct":100}}
,"/workspace/src/services/newsThumbnailBackfill.ts": {"lines":{"total":115,"covered":4,"skipped":0,"pct":3.47},"functions":{"total":5,"covered":0,"skipped":0,"pct":0},"statements":{"total":115,"covered":4,"skipped":0,"pct":3.47},"branches":{"total":0,"covered":0,"skipped":0,"pct":100}}
,"/workspace/src/services/newsTranslation.ts": {"lines":{"total":42,"covered":9,"skipped":0,"pct":21.42},"functions":{"total":3,"covered":1,"skipped":0,"pct":33.33},"statements":{"total":42,"covered":9,"skipped":0,"pct":21.42},"branches":{"total":2,"covered":1,"skipped":0,"pct":50}}
,"/workspace/src/services/newsTranslationUtils.ts": {"lines":{"total":28,"covered":23,"skipped":0,"pct":82.14},"functions":{"total":3,"covered":3,"skipped":0,"pct":100},"statements":{"total":28,"covered":23,"skipped":0,"pct":82.14},"branches":{"total":21,"covered":12,"skipped":0,"pct":57.14}}
,"/workspace/src/services/officialLineupSync.ts": {"lines":{"total":169,"covered":6,"skipped":0,"pct":3.55},"functions":{"total":8,"covered":0,"skipped":0,"pct":0},"statements":{"total":169,"covered":6,"skipped":0,"pct":3.55},"branches":{"total":0,"covered":0,"skipped":0,"pct":100}}
,"/workspace/src/services/payloadCache.ts": {"lines":{"total":28,"covered":26,"skipped":0,"pct":92.85},"functions":{"total":2,"covered":2,"skipped":0,"pct":100},"statements":{"total":28,"covered":26,"skipped":0,"pct":92.85},"branches":{"total":4,"covered":2,"skipped":0,"pct":50}}
,"/workspace/src/services/pipelineBootstrap.ts": {"lines":{"total":35,"covered":18,"skipped":0,"pct":51.42},"functions":{"total":2,"covered":2,"skipped":0,"pct":100},"statements":{"total":35,"covered":18,"skipped":0,"pct":51.42},"branches":{"total":4,"covered":2,"skipped":0,"pct":50}}
,"/workspace/src/services/pitchMap.ts": {"lines":{"total":241,"covered":8,"skipped":0,"pct":3.31},"functions":{"total":6,"covered":0,"skipped":0,"pct":0},"statements":{"total":241,"covered":8,"skipped":0,"pct":3.31},"branches":{"total":0,"covered":0,"skipped":0,"pct":100}}
,"/workspace/src/services/recomputeMatch.ts": {"lines":{"total":126,"covered":11,"skipped":0,"pct":8.73},"functions":{"total":3,"covered":0,"skipped":0,"pct":0},"statements":{"total":126,"covered":11,"skipped":0,"pct":8.73},"branches":{"total":0,"covered":0,"skipped":0,"pct":100}}
,"/workspace/src/services/schedulePayload.ts": {"lines":{"total":32,"covered":30,"skipped":0,"pct":93.75},"functions":{"total":1,"covered":1,"skipped":0,"pct":100},"statements":{"total":32,"covered":30,"skipped":0,"pct":93.75},"branches":{"total":6,"covered":2,"skipped":0,"pct":33.33}}
,"/workspace/src/services/siteDiscovery.ts": {"lines":{"total":344,"covered":326,"skipped":0,"pct":94.76},"functions":{"total":16,"covered":15,"skipped":0,"pct":93.75},"statements":{"total":344,"covered":326,"skipped":0,"pct":94.76},"branches":{"total":30,"covered":24,"skipped":0,"pct":80}}
,"/workspace/src/services/spaMatchMeta.ts": {"lines":{"total":37,"covered":0,"skipped":0,"pct":0},"functions":{"total":1,"covered":1,"skipped":0,"pct":100},"statements":{"total":37,"covered":0,"skipped":0,"pct":0},"branches":{"total":1,"covered":1,"skipped":0,"pct":100}}
,"/workspace/src/services/staticAssetCache.ts": {"lines":{"total":44,"covered":0,"skipped":0,"pct":0},"functions":{"total":1,"covered":0,"skipped":0,"pct":0},"statements":{"total":44,"covered":0,"skipped":0,"pct":0},"branches":{"total":1,"covered":0,"skipped":0,"pct":0}}
,"/workspace/src/services/teamFormStats.ts": {"lines":{"total":62,"covered":23,"skipped":0,"pct":37.09},"functions":{"total":2,"covered":1,"skipped":0,"pct":50},"statements":{"total":62,"covered":23,"skipped":0,"pct":37.09},"branches":{"total":6,"covered":5,"skipped":0,"pct":83.33}}
,"/workspace/src/services/teamProfile.ts": {"lines":{"total":37,"covered":19,"skipped":0,"pct":51.35},"functions":{"total":4,"covered":2,"skipped":0,"pct":50},"statements":{"total":37,"covered":19,"skipped":0,"pct":51.35},"branches":{"total":13,"covered":6,"skipped":0,"pct":46.15}}
,"/workspace/src/services/teamRatingRefresh.ts": {"lines":{"total":23,"covered":3,"skipped":0,"pct":13.04},"functions":{"total":1,"covered":0,"skipped":0,"pct":0},"statements":{"total":23,"covered":3,"skipped":0,"pct":13.04},"branches":{"total":0,"covered":0,"skipped":0,"pct":100}}
,"/workspace/src/services/tournamentMatchProbabilities.ts": {"lines":{"total":145,"covered":99,"skipped":0,"pct":68.27},"functions":{"total":4,"covered":3,"skipped":0,"pct":75},"statements":{"total":145,"covered":99,"skipped":0,"pct":68.27},"branches":{"total":22,"covered":12,"skipped":0,"pct":54.54}}
,"/workspace/src/services/tournamentProgression.ts": {"lines":{"total":204,"covered":51,"skipped":0,"pct":25},"functions":{"total":12,"covered":3,"skipped":0,"pct":25},"statements":{"total":204,"covered":51,"skipped":0,"pct":25},"branches":{"total":11,"covered":7,"skipped":0,"pct":63.63}}
,"/workspace/src/services/tournamentStandings.ts": {"lines":{"total":89,"covered":73,"skipped":0,"pct":82.02},"functions":{"total":4,"covered":2,"skipped":0,"pct":50},"statements":{"total":89,"covered":73,"skipped":0,"pct":82.02},"branches":{"total":18,"covered":10,"skipped":0,"pct":55.55}}
,"/workspace/src/services/workersPathCache.ts": {"lines":{"total":36,"covered":36,"skipped":0,"pct":100},"functions":{"total":5,"covered":5,"skipped":0,"pct":100},"statements":{"total":36,"covered":36,"skipped":0,"pct":100},"branches":{"total":9,"covered":8,"skipped":0,"pct":88.88}}
,"/workspace/src/services/publicApi/apiKey.ts": {"lines":{"total":26,"covered":26,"skipped":0,"pct":100},"functions":{"total":3,"covered":3,"skipped":0,"pct":100},"statements":{"total":26,"covered":26,"skipped":0,"pct":100},"branches":{"total":5,"covered":3,"skipped":0,"pct":60}}
,"/workspace/src/services/publicApi/clients.ts": {"lines":{"total":36,"covered":3,"skipped":0,"pct":8.33},"functions":{"total":3,"covered":0,"skipped":0,"pct":0},"statements":{"total":36,"covered":3,"skipped":0,"pct":8.33},"branches":{"total":0,"covered":0,"skipped":0,"pct":100}}
,"/workspace/src/services/publicApi/crypto.ts": {"lines":{"total":26,"covered":10,"skipped":0,"pct":38.46},"functions":{"total":4,"covered":2,"skipped":0,"pct":50},"statements":{"total":26,"covered":10,"skipped":0,"pct":38.46},"branches":{"total":4,"covered":4,"skipped":0,"pct":100}}
,"/workspace/src/services/publicApi/emitter.ts": {"lines":{"total":67,"covered":3,"skipped":0,"pct":4.47},"functions":{"total":9,"covered":0,"skipped":0,"pct":0},"statements":{"total":67,"covered":3,"skipped":0,"pct":4.47},"branches":{"total":0,"covered":0,"skipped":0,"pct":100}}
,"/workspace/src/services/publicApi/feed.ts": {"lines":{"total":62,"covered":58,"skipped":0,"pct":93.54},"functions":{"total":3,"covered":2,"skipped":0,"pct":66.66},"statements":{"total":62,"covered":58,"skipped":0,"pct":93.54},"branches":{"total":17,"covered":10,"skipped":0,"pct":58.82}}
,"/workspace/src/services/publicApi/rateLimit.ts": {"lines":{"total":17,"covered":17,"skipped":0,"pct":100},"functions":{"total":1,"covered":1,"skipped":0,"pct":100},"statements":{"total":17,"covered":17,"skipped":0,"pct":100},"branches":{"total":6,"covered":6,"skipped":0,"pct":100}}
,"/workspace/src/services/publicApi/snapshot.ts": {"lines":{"total":37,"covered":31,"skipped":0,"pct":83.78},"functions":{"total":1,"covered":1,"skipped":0,"pct":100},"statements":{"total":37,"covered":31,"skipped":0,"pct":83.78},"branches":{"total":10,"covered":5,"skipped":0,"pct":50}}
,"/workspace/src/services/publicApi/types.ts": {"lines":{"total":8,"covered":8,"skipped":0,"pct":100},"functions":{"total":0,"covered":0,"skipped":0,"pct":100},"statements":{"total":8,"covered":8,"skipped":0,"pct":100},"branches":{"total":0,"covered":0,"skipped":0,"pct":100}}
,"/workspace/src/services/publicApi/webhooks.ts": {"lines":{"total":128,"covered":57,"skipped":0,"pct":44.53},"functions":{"total":8,"covered":5,"skipped":0,"pct":62.5},"statements":{"total":128,"covered":57,"skipped":0,"pct":44.53},"branches":{"total":11,"covered":5,"skipped":0,"pct":45.45}}
,"/workspace/src/utils/hash.ts": {"lines":{"total":5,"covered":5,"skipped":0,"pct":100},"functions":{"total":1,"covered":1,"skipped":0,"pct":100},"statements":{"total":5,"covered":5,"skipped":0,"pct":100},"branches":{"total":2,"covered":2,"skipped":0,"pct":100}}
,"/workspace/src/utils/ids.ts": {"lines":{"total":3,"covered":3,"skipped":0,"pct":100},"functions":{"total":1,"covered":1,"skipped":0,"pct":100},"statements":{"total":3,"covered":3,"skipped":0,"pct":100},"branches":{"total":1,"covered":1,"skipped":0,"pct":100}}
,"/workspace/src/utils/logger.ts": {"lines":{"total":6,"covered":4,"skipped":0,"pct":66.66},"functions":{"total":2,"covered":1,"skipped":0,"pct":50},"statements":{"total":6,"covered":4,"skipped":0,"pct":66.66},"branches":{"total":1,"covered":1,"skipped":0,"pct":100}}
,"/workspace/src/utils/matchPath.ts": {"lines":{"total":12,"covered":0,"skipped":0,"pct":0},"functions":{"total":1,"covered":0,"skipped":0,"pct":0},"statements":{"total":12,"covered":0,"skipped":0,"pct":0},"branches":{"total":1,"covered":0,"skipped":0,"pct":0}}
,"/workspace/src/utils/matchSlug.ts": {"lines":{"total":44,"covered":36,"skipped":0,"pct":81.81},"functions":{"total":8,"covered":5,"skipped":0,"pct":62.5},"statements":{"total":44,"covered":36,"skipped":0,"pct":81.81},"branches":{"total":16,"covered":7,"skipped":0,"pct":43.75}}
,"/workspace/src/utils/time.ts": {"lines":{"total":3,"covered":3,"skipped":0,"pct":100},"functions":{"total":1,"covered":1,"skipped":0,"pct":100},"statements":{"total":3,"covered":3,"skipped":0,"pct":100},"branches":{"total":1,"covered":1,"skipped":0,"pct":100}}
,"/workspace/src/utils/zod.ts": {"lines":{"total":8,"covered":8,"skipped":0,"pct":100},"functions":{"total":0,"covered":0,"skipped":0,"pct":100},"statements":{"total":8,"covered":8,"skipped":0,"pct":100},"branches":{"total":0,"covered":0,"skipped":0,"pct":100}}
}
